#
# A fatal error has been detected by the Java Runtime Environment:
#
#  EXCEPTION_ACCESS_VIOLATION (0xc0000005) at pc=0x00007ffcd162c64d, pid=32456, tid=28492
#
# JRE version: OpenJDK Runtime Environment (18.0.2+9) (build 18.0.2+9-61)
# Java VM: OpenJDK 64-Bit Server VM (18.0.2+9-61, mixed mode, sharing, tiered, compressed oops, compressed class ptrs, g1 gc, windows-amd64)
# Problematic frame:
# C  [lwjgl_opengl.dll+0xc64d]
#
# No core dump will be written. Minidumps are not enabled by default on client versions of Windows
#
# If you would like to submit a bug report, please visit:
#   https://bugreport.java.com/bugreport/crash.jsp
# The crash happened outside the Java Virtual Machine in native code.
# See problematic frame for where to report the bug.
#

---------------  S U M M A R Y ------------

Command Line: -javaagent:C:\Program Files\JetBrains\IntelliJ IDEA Community Edition 2022.2\lib\idea_rt.jar=53755:C:\Program Files\JetBrains\IntelliJ IDEA Community Edition 2022.2\bin -Dfile.encoding=UTF-8 ShadowDimension

Host: Intel(R) Core(TM) i7-10750H CPU @ 2.60GHz, 12 cores, 15G,  Windows 10 , 64 bit Build 19041 (10.0.19041.1889)
Time: Wed Oct  5 14:58:28 2022 AUS Eastern Daylight Time elapsed time: 0.328153 seconds (0d 0h 0m 0s)

---------------  T H R E A D  ---------------

Current thread (0x000001a82a75f760):  JavaThread "main" [_thread_in_native, id=28492, stack(0x000000920ca00000,0x000000920cb00000)]

Stack: [0x000000920ca00000,0x000000920cb00000],  sp=0x000000920cafe9d8,  free space=1018k
Native frames: (J=compiled Java code, j=interpreted, Vv=VM code, C=native code)
C  [lwjgl_opengl.dll+0xc64d]

Java frames: (J=compiled Java code, j=interpreted, Vv=VM code)
j  org.lwjgl.opengl.GL11C.nglGenTextures(IJ)V+0
j  org.lwjgl.opengl.GL11C.glGenTextures()I+20
j  org.lwjgl.opengl.GL11.glGenTextures()I+0
j  bagel.Texture.<init>(IILjava/nio/ByteBuffer;)V+21
j  bagel.InternalFont.<init>(Ljava/lang/String;I)V+231
j  bagel.TextureManager.getFont(Ljava/lang/String;I)Lbagel/InternalFont;+41
j  bagel.Font.<init>(Ljava/lang/String;I)V+7
j  ShadowDimension.<clinit>()V+8
v  ~StubRoutines::call_stub

siginfo: EXCEPTION_ACCESS_VIOLATION (0xc0000005), reading address 0x00000000000002d8


Register to memory mapping:

RIP=0x00007ffcd162c64d lwjgl_opengl.dll
RAX=0x000001a851f4bf80 points into unknown readable memory: 0x0000000000000000 | 00 00 00 00 00 00 00 00
RBX={method} {0x000001a84e13ab50} 'nglGenTextures' '(IJ)V' in 'org/lwjgl/opengl/GL11C'
RCX=0x0000000000000001 is an unknown value
RDX=0x000001a851f72eac points into unknown readable memory: 00 00 00 00
RSP=0x000000920cafe9d8 is pointing into the stack for thread: 0x000001a82a75f760
RBP=0x000000920cafea68 is pointing into the stack for thread: 0x000001a82a75f760
RSI=0x000001a851ea9c88 points into unknown readable memory: 0x800017da71acaf6a | 6a af ac 71 da 17 00 80
RDI=0x000001a8320a95cd is at code_begin+1325 in an Interpreter codelet
return entry points  [0x000001a8320a90a0, 0x000001a8320a9ba0]  2816 bytes
R8 =0x0000000000000001 is an unknown value
R9 =0x000001a851f72eac points into unknown readable memory: 00 00 00 00
R10=0x0 is NULL
R11=0x000000071305ef10 is an oop: java.lang.Class 
{0x000000071305ef10} - klass: 'java/lang/Class'
 - ---- fields (total size 116 words):
 - private volatile transient 'classRedefinedCount' 'I' @12  0
 - abstract internal 'klass' 'J' @16  34372420312 (c182d8 8)
 - abstract internal 'array_klass' 'J' @24  0 (0 0)
 - abstract internal 'oop_size' 'I' @32  116 (74)
 - abstract internal 'static_oop_field_count' 'I' @36  0
 - private volatile transient 'cachedConstructor' 'Ljava/lang/reflect/Constructor;' @40  NULL (0)
 - private transient 'name' 'Ljava/lang/String;' @44  "org.lwjgl.opengl.GL11C"{0x000000071305f2c0} (e260be58)
 - private transient 'module' 'Ljava/lang/Module;' @48  a 'java/lang/Module'{0x000000071366b5b0} (e26cd6b6)
 - private final 'classLoader' 'Ljava/lang/ClassLoader;' @52  a 'jdk/internal/loader/ClassLoaders$AppClassLoader'{0x000000071366b3f0} (e26cd67e)
 - private transient 'classData' 'Ljava/lang/Object;' @56  NULL (0)
 - private transient 'packageName' 'Ljava/lang/String;' @60  "org.lwjgl.opengl"{0x00000007133b7878} (e2676f0f)
 - private final 'componentType' 'Ljava/lang/Class;' @64  NULL (0)
 - private volatile transient 'reflectionData' 'Ljava/lang/ref/SoftReference;' @68  NULL (0)
 - private volatile transient 'genericInfo' 'Lsun/reflect/generics/repository/ClassRepository;' @72  NULL (0)
 - private volatile transient 'enumConstants' '[Ljava/lang/Object;' @76  NULL (0)
 - private volatile transient 'enumConstantDirectory' 'Ljava/util/Map;' @80  NULL (0)
 - private volatile transient 'annotationData' 'Ljava/lang/Class$AnnotationData;' @84  NULL (0)
 - private volatile transient 'annotationType' 'Lsun/reflect/annotation/AnnotationType;' @88  NULL (0)
 - transient 'classValueMap' 'Ljava/lang/ClassValue$ClassValueMap;' @92  NULL (0)
 - abstract internal 'protection_domain' 'Ljava/lang/Object;' @96  a 'java/security/ProtectionDomain'{0x00000007133c3580} (e26786b0)
 - abstract internal 'signers_name' 'Ljava/lang/Object;' @100  NULL (0)
 - abstract internal 'source_file' 'Ljava/lang/Object;' @104  NULL (0)
 - signature: Lorg/lwjgl/opengl/GL11C;
 - ---- static fields (0):
 - public static final 'GL_NEVER' 'I' @112  512 (200)
 - public static final 'GL_LESS' 'I' @116  513 (201)
 - public static final 'GL_EQUAL' 'I' @120  514 (202)
 - public static final 'GL_LEQUAL' 'I' @124  515 (203)
 - public static final 'GL_GREATER' 'I' @128  516 (204)
 - public static final 'GL_NOTEQUAL' 'I' @132  517 (205)
 - public static final 'GL_GEQUAL' 'I' @136  518 (206)
 - public static final 'GL_ALWAYS' 'I' @140  519 (207)
 - public static final 'GL_DEPTH_BUFFER_BIT' 'I' @144  256 (100)
 - public static final 'GL_STENCIL_BUFFER_BIT' 'I' @148  1024 (400)
 - public static final 'GL_COLOR_BUFFER_BIT' 'I' @152  16384 (4000)
 - public static final 'GL_POINTS' 'I' @156  0
 - public static final 'GL_LINES' 'I' @160  1
 - public static final 'GL_LINE_LOOP' 'I' @164  2
 - public static final 'GL_LINE_STRIP' 'I' @168  3
 - public static final 'GL_TRIANGLES' 'I' @172  4
 - public static final 'GL_TRIANGLE_STRIP' 'I' @176  5
 - public static final 'GL_TRIANGLE_FAN' 'I' @180  6
 - public static final 'GL_QUADS' 'I' @184  7
 - public static final 'GL_ZERO' 'I' @188  0
 - public static final 'GL_ONE' 'I' @192  1
 - public static final 'GL_SRC_COLOR' 'I' @196  768 (300)
 - public static final 'GL_ONE_MINUS_SRC_COLOR' 'I' @200  769 (301)
 - public static final 'GL_SRC_ALPHA' 'I' @204  770 (302)
 - public static final 'GL_ONE_MINUS_SRC_ALPHA' 'I' @208  771 (303)
 - public static final 'GL_DST_ALPHA' 'I' @212  772 (304)
 - public static final 'GL_ONE_MINUS_DST_ALPHA' 'I' @216  773 (305)
 - public static final 'GL_DST_COLOR' 'I' @220  774 (306)
 - public static final 'GL_ONE_MINUS_DST_COLOR' 'I' @224  775 (307)
 - public static final 'GL_SRC_ALPHA_SATURATE' 'I' @228  776 (308)
 - public static final 'GL_TRUE' 'I' @232  1
 - public static final 'GL_FALSE' 'I' @236  0
 - public static final 'GL_BYTE' 'I' @240  5120 (1400)
 - public static final 'GL_UNSIGNED_BYTE' 'I' @244  5121 (1401)
 - public static final 'GL_SHORT' 'I' @248  5122 (1402)
 - public static final 'GL_UNSIGNED_SHORT' 'I' @252  5123 (1403)
 - public static final 'GL_INT' 'I' @256  5124 (1404)
 - public static final 'GL_UNSIGNED_INT' 'I' @260  5125 (1405)
 - public static final 'GL_FLOAT' 'I' @264  5126 (1406)
 - public static final 'GL_DOUBLE' 'I' @268  5130 (140a)
 - public static final 'GL_NONE' 'I' @272  0
 - public static final 'GL_FRONT_LEFT' 'I' @276  1024 (400)
 - public static final 'GL_FRONT_RIGHT' 'I' @280  1025 (401)
 - public static final 'GL_BACK_LEFT' 'I' @284  1026 (402)
 - public static final 'GL_BACK_RIGHT' 'I' @288  1027 (403)
 - public static final 'GL_FRONT' 'I' @292  1028 (404)
 - public static final 'GL_BACK' 'I' @296  1029 (405)
 - public static final 'GL_LEFT' 'I' @300  1030 (406)
 - public static final 'GL_RIGHT' 'I' @304  1031 (407)
 - public static final 'GL_FRONT_AND_BACK' 'I' @308  1032 (408)
 - public static final 'GL_NO_ERROR' 'I' @312  0
 - public static final 'GL_INVALID_ENUM' 'I' @316  1280 (500)
 - public static final 'GL_INVALID_VALUE' 'I' @320  1281 (501)
 - public static final 'GL_INVALID_OPERATION' 'I' @324  1282 (502)
 - public static final 'GL_STACK_OVERFLOW' 'I' @328  1283 (503)
 - public static final 'GL_STACK_UNDERFLOW' 'I' @332  1284 (504)
 - public static final 'GL_OUT_OF_MEMORY' 'I' @336  1285 (505)
 - public static final 'GL_CW' 'I' @340  2304 (900)
 - public static final 'GL_CCW' 'I' @344  2305 (901)
 - public static final 'GL_POINT_SIZE' 'I' @348  2833 (b11)
 - public static final 'GL_POINT_SIZE_RANGE' 'I' @352  2834 (b12)
 - public static final 'GL_POINT_SIZE_GRANULARITY' 'I' @356  2835 (b13)
 - public static final 'GL_LINE_SMOOTH' 'I' @360  2848 (b20)
 - public static final 'GL_LINE_WIDTH' 'I' @364  2849 (b21)
 - public static final 'GL_LINE_WIDTH_RANGE' 'I' @368  2850 (b22)
 - public static final 'GL_LINE_WIDTH_GRANULARITY' 'I' @372  2851 (b23)
 - public static final 'GL_POLYGON_MODE' 'I' @376  2880 (b40)
 - public static final 'GL_POLYGON_SMOOTH' 'I' @380  2881 (b41)
 - public static final 'GL_CULL_FACE' 'I' @384  2884 (b44)
 - public static final 'GL_CULL_FACE_MODE' 'I' @388  2885 (b45)
 - public static final 'GL_FRONT_FACE' 'I' @392  2886 (b46)
 - public static final 'GL_DEPTH_RANGE' 'I' @396  2928 (b70)
 - public static final 'GL_DEPTH_TEST' 'I' @400  2929 (b71)
 - public static final 'GL_DEPTH_WRITEMASK' 'I' @404  2930 (b72)
 - public static final 'GL_DEPTH_CLEAR_VALUE' 'I' @408  2931 (b73)
 - public static final 'GL_DEPTH_FUNC' 'I' @412  2932 (b74)
 - public static final 'GL_STENCIL_TEST' 'I' @416  2960 (b90)
 - public static final 'GL_STENCIL_CLEAR_VALUE' 'I' @420  2961 (b91)
 - public static final 'GL_STENCIL_FUNC' 'I' @424  2962 (b92)
 - public static final 'GL_STENCIL_VALUE_MASK' 'I' @428  2963 (b93)
 - public static final 'GL_STENCIL_FAIL' 'I' @432  2964 (b94)
 - public static final 'GL_STENCIL_PASS_DEPTH_FAIL' 'I' @436  2965 (b95)
 - public static final 'GL_STENCIL_PASS_DEPTH_PASS' 'I' @440  2966 (b96)
 - public static final 'GL_STENCIL_REF' 'I' @444  2967 (b97)
 - public static final 'GL_STENCIL_WRITEMASK' 'I' @448  2968 (b98)
 - public static final 'GL_VIEWPORT' 'I' @452  2978 (ba2)
 - public static final 'GL_DITHER' 'I' @456  3024 (bd0)
 - public static final 'GL_BLEND_DST' 'I' @460  3040 (be0)
 - public static final 'GL_BLEND_SRC' 'I' @464  3041 (be1)
 - public static final 'GL_BLEND' 'I' @468  3042 (be2)
 - public static final 'GL_LOGIC_OP_MODE' 'I' @472  3056 (bf0)
 - public static final 'GL_COLOR_LOGIC_OP' 'I' @476  3058 (bf2)
 - public static final 'GL_DRAW_BUFFER' 'I' @480  3073 (c01)
 - public static final 'GL_READ_BUFFER' 'I' @484  3074 (c02)
 - public static final 'GL_SCISSOR_BOX' 'I' @488  3088 (c10)
 - public static final 'GL_SCISSOR_TEST' 'I' @492  3089 (c11)
 - public static final 'GL_COLOR_CLEAR_VALUE' 'I' @496  3106 (c22)
 - public static final 'GL_COLOR_WRITEMASK' 'I' @500  3107 (c23)
 - public static final 'GL_DOUBLEBUFFER' 'I' @504  3122 (c32)
 - public static final 'GL_STEREO' 'I' @508  3123 (c33)
 - public static final 'GL_LINE_SMOOTH_HINT' 'I' @512  3154 (c52)
 - public static final 'GL_POLYGON_SMOOTH_HINT' 'I' @516  3155 (c53)
 - public static final 'GL_UNPACK_SWAP_BYTES' 'I' @520  3312 (cf0)
 - public static final 'GL_UNPACK_LSB_FIRST' 'I' @524  3313 (cf1)
 - public static final 'GL_UNPACK_ROW_LENGTH' 'I' @528  3314 (cf2)
 - public static final 'GL_UNPACK_SKIP_ROWS' 'I' @532  3315 (cf3)
 - public static final 'GL_UNPACK_SKIP_PIXELS' 'I' @536  3316 (cf4)
 - public static final 'GL_UNPACK_ALIGNMENT' 'I' @540  3317 (cf5)
 - public static final 'GL_PACK_SWAP_BYTES' 'I' @544  3328 (d00)
 - public static final 'GL_PACK_LSB_FIRST' 'I' @548  3329 (d01)
 - public static final 'GL_PACK_ROW_LENGTH' 'I' @552  3330 (d02)
 - public static final 'GL_PACK_SKIP_ROWS' 'I' @556  3331 (d03)
 - public static final 'GL_PACK_SKIP_PIXELS' 'I' @560  3332 (d04)
 - public static final 'GL_PACK_ALIGNMENT' 'I' @564  3333 (d05)
 - public static final 'GL_MAX_TEXTURE_SIZE' 'I' @568  3379 (d33)
 - public static final 'GL_MAX_VIEWPORT_DIMS' 'I' @572  3386 (d3a)
 - public static final 'GL_SUBPIXEL_BITS' 'I' @576  3408 (d50)
 - public static final 'GL_TEXTURE_1D' 'I' @580  3552 (de0)
 - public static final 'GL_TEXTURE_2D' 'I' @584  3553 (de1)
 - public static final 'GL_TEXTURE_WIDTH' 'I' @588  4096 (1000)
 - public static final 'GL_TEXTURE_HEIGHT' 'I' @592  4097 (1001)
 - public static final 'GL_TEXTURE_INTERNAL_FORMAT' 'I' @596  4099 (1003)
 - public static final 'GL_TEXTURE_BORDER_COLOR' 'I' @600  4100 (1004)
 - public static final 'GL_DONT_CARE' 'I' @604  4352 (1100)
 - public static final 'GL_FASTEST' 'I' @608  4353 (1101)
 - public static final 'GL_NICEST' 'I' @612  4354 (1102)
 - public static final 'GL_CLEAR' 'I' @616  5376 (1500)
 - public static final 'GL_AND' 'I' @620  5377 (1501)
 - public static final 'GL_AND_REVERSE' 'I' @624  5378 (1502)
 - public static final 'GL_COPY' 'I' @628  5379 (1503)
 - public static final 'GL_AND_INVERTED' 'I' @632  5380 (1504)
 - public static final 'GL_NOOP' 'I' @636  5381 (1505)
 - public static final 'GL_XOR' 'I' @640  5382 (1506)
 - public static final 'GL_OR' 'I' @644  5383 (1507)
 - public static final 'GL_NOR' 'I' @648  5384 (1508)
 - public static final 'GL_EQUIV' 'I' @652  5385 (1509)
 - public static final 'GL_INVERT' 'I' @656  5386 (150a)
 - public static final 'GL_OR_REVERSE' 'I' @660  5387 (150b)
 - public static final 'GL_COPY_INVERTED' 'I' @664  5388 (150c)
 - public static final 'GL_OR_INVERTED' 'I' @668  5389 (150d)
 - public static final 'GL_NAND' 'I' @672  5390 (150e)
 - public static final 'GL_SET' 'I' @676  5391 (150f)
 - public static final 'GL_TEXTURE' 'I' @680  5890 (1702)
 - public static final 'GL_COLOR' 'I' @684  6144 (1800)
 - public static final 'GL_DEPTH' 'I' @688  6145 (1801)
 - public static final 'GL_STENCIL' 'I' @692  6146 (1802)
 - public static final 'GL_STENCIL_INDEX' 'I' @696  6401 (1901)
 - public static final 'GL_DEPTH_COMPONENT' 'I' @700  6402 (1902)
 - public static final 'GL_RED' 'I' @704  6403 (1903)
 - public static final 'GL_GREEN' 'I' @708  6404 (1904)
 - public static final 'GL_BLUE' 'I' @712  6405 (1905)
 - public static final 'GL_ALPHA' 'I' @716  6406 (1906)
 - public static final 'GL_RGB' 'I' @720  6407 (1907)
 - public static final 'GL_RGBA' 'I' @724  6408 (1908)
 - public static final 'GL_POINT' 'I' @728  6912 (1b00)
 - public static final 'GL_LINE' 'I' @732  6913 (1b01)
 - public static final 'GL_FILL' 'I' @736  6914 (1b02)
 - public static final 'GL_KEEP' 'I' @740  7680 (1e00)
 - public static final 'GL_REPLACE' 'I' @744  7681 (1e01)
 - public static final 'GL_INCR' 'I' @748  7682 (1e02)
 - public static final 'GL_DECR' 'I' @752  7683 (1e03)
 - public static final 'GL_VENDOR' 'I' @756  7936 (1f00)
 - public static final 'GL_RENDERER' 'I' @760  7937 (1f01)
 - public static final 'GL_VERSION' 'I' @764  7938 (1f02)
 - public static final 'GL_EXTENSIONS' 'I' @768  7939 (1f03)
 - public static final 'GL_NEAREST' 'I' @772  9728 (2600)
 - public static final 'GL_LINEAR' 'I' @776  9729 (2601)
 - public static final 'GL_NEAREST_MIPMAP_NEAREST' 'I' @780  9984 (2700)
 - public static final 'GL_LINEAR_MIPMAP_NEAREST' 'I' @784  9985 (2701)
 - public static final 'GL_NEAREST_MIPMAP_LINEAR' 'I' @788  9986 (2702)
 - public static final 'GL_LINEAR_MIPMAP_LINEAR' 'I' @792  9987 (2703)
 - public static final 'GL_TEXTURE_MAG_FILTER' 'I' @796  10240 (2800)
 - public static final 'GL_TEXTURE_MIN_FILTER' 'I' @800  10241 (2801)
 - public static final 'GL_TEXTURE_WRAP_S' 'I' @804  10242 (2802)
 - public static final 'GL_TEXTURE_WRAP_T' 'I' @808  10243 (2803)
 - public static final 'GL_REPEAT' 'I' @812  10497 (2901)
 - public static final 'GL_POLYGON_OFFSET_FACTOR' 'I' @816  32824 (8038)
 - public static final 'GL_POLYGON_OFFSET_UNITS' 'I' @820  10752 (2a00)
 - public static final 'GL_POLYGON_OFFSET_POINT' 'I' @824  10753 (2a01)
 - public static final 'GL_POLYGON_OFFSET_LINE' 'I' @828  10754 (2a02)
 - public static final 'GL_POLYGON_OFFSET_FILL' 'I' @832  32823 (8037)
 - public static final 'GL_R3_G3_B2' 'I' @836  10768 (2a10)
 - public static final 'GL_RGB4' 'I' @840  32847 (804f)
 - public static final 'GL_RGB5' 'I' @844  32848 (8050)
 - public static final 'GL_RGB8' 'I' @848  32849 (8051)
 - public static final 'GL_RGB10' 'I' @852  32850 (8052)
 - public static final 'GL_RGB12' 'I' @856  32851 (8053)
 - public static final 'GL_RGB16' 'I' @860  32852 (8054)
 - public static final 'GL_RGBA2' 'I' @864  32853 (8055)
 - public static final 'GL_RGBA4' 'I' @868  32854 (8056)
 - public static final 'GL_RGB5_A1' 'I' @872  32855 (8057)
 - public static final 'GL_RGBA8' 'I' @876  32856 (8058)
 - public static final 'GL_RGB10_A2' 'I' @880  32857 (8059)
 - public static final 'GL_RGBA12' 'I' @884  32858 (805a)
 - public static final 'GL_RGBA16' 'I' @888  32859 (805b)
 - public static final 'GL_TEXTURE_RED_SIZE' 'I' @892  32860 (805c)
 - public static final 'GL_TEXTURE_GREEN_SIZE' 'I' @896  32861 (805d)
 - public static final 'GL_TEXTURE_BLUE_SIZE' 'I' @900  32862 (805e)
 - public static final 'GL_TEXTURE_ALPHA_SIZE' 'I' @904  32863 (805f)
 - public static final 'GL_PROXY_TEXTURE_1D' 'I' @908  32867 (8063)
 - public static final 'GL_PROXY_TEXTURE_2D' 'I' @912  32868 (8064)
 - public static final 'GL_TEXTURE_BINDING_1D' 'I' @916  32872 (8068)
 - public static final 'GL_TEXTURE_BINDING_2D' 'I' @920  32873 (8069)
 - public static final 'GL_VERTEX_ARRAY' 'I' @924  32884 (8074)
R12=0x0 is NULL
R13={method} {0x000001a84e13ab50} 'nglGenTextures' '(IJ)V' in 'org/lwjgl/opengl/GL11C'
R14=0x000000920cafea98 is pointing into the stack for thread: 0x000001a82a75f760
R15=0x000001a82a75f760 is a thread


Registers:
RAX=0x000001a851f4bf80, RBX=0x000001a84e13ab48, RCX=0x0000000000000001, RDX=0x000001a851f72eac
RSP=0x000000920cafe9d8, RBP=0x000000920cafea68, RSI=0x000001a851ea9c88, RDI=0x000001a8320a95cd
R8 =0x0000000000000001, R9 =0x000001a851f72eac, R10=0x0000000000000000, R11=0x000000071305ef10
R12=0x0000000000000000, R13=0x000001a84e13ab48, R14=0x000000920cafea98, R15=0x000001a82a75f760
RIP=0x00007ffcd162c64d, EFLAGS=0x0000000000010202

Top of Stack: (sp=0x000000920cafe9d8)
0x000000920cafe9d8:   000001a8320ad621 000001a8320a95cd
0x000000920cafe9e8:   000001a8320ad33c 000001a84e13ab48
0x000000920cafe9f8:   000001a851ea9c88 000000920cafea18
0x000000920cafea08:   000000920cafea80 000001a8320a95cd
0x000000920cafea18:   000001a8320ad2f6 000000920cafea20
0x000000920cafea28:   000001a84e13ab48 000000920cafea98
0x000000920cafea38:   000001a84e146e98 0000000000000000
0x000000920cafea48:   000000071305ef10 000001a84e13ab48
0x000000920cafea58:   0000000000000000 000000920cafea88
0x000000920cafea68:   000000920cafeae8 000001a8320a94fe
0x000000920cafea78:   000000071305ef10 000001a8320aaf78
0x000000920cafea88:   000001a851f72eac 0000000000000000
0x000000920cafea98:   0000000000000001 000000920cafeaa0
0x000000920cafeaa8:   000001a84e13acbc 000000920cafeb18
0x000000920cafeab8:   000001a84e146e98 0000000000000000
0x000000920cafeac8:   000000071305ef10 000001a84e13ad28 

Instructions: (pc=0x00007ffcd162c64d)
0x00007ffcd162c54d:   cc cc cc 48 8b 01 41 0f b6 c8 48 8b 50 18 48 ff
0x00007ffcd162c55d:   a2 d0 01 00 00 cc cc cc cc cc cc cc cc cc cc cc
0x00007ffcd162c56d:   cc cc cc 48 8b 01 0f 28 cb 0f 28 c2 48 8b 48 18
0x00007ffcd162c57d:   48 ff a1 d8 01 00 00 cc cc cc cc cc cc cc cc cc
0x00007ffcd162c58d:   cc cc cc 48 8b 01 45 8b d8 44 8b 44 24 28 41 8b
0x00007ffcd162c59d:   d1 41 8b cb 4c 8b 50 18 49 ff a2 e8 01 00 00 cc
0x00007ffcd162c5ad:   cc cc cc 48 8b 01 41 8b c8 48 8b 50 18 48 ff a2
0x00007ffcd162c5bd:   f0 01 00 00 cc cc cc cc cc cc cc cc cc cc cc cc
0x00007ffcd162c5cd:   cc cc cc 40 53 48 8b 01 41 8b d8 44 8b 44 24 30
0x00007ffcd162c5dd:   41 8b d1 4c 8b 4c 24 38 8b cb 4c 8b 50 18 5b 49
0x00007ffcd162c5ed:   ff a2 f8 01 00 00 cc cc cc cc cc cc cc cc cc cc
0x00007ffcd162c5fd:   cc cc cc 48 8b 01 48 8b 48 18 48 ff a1 98 02 00
0x00007ffcd162c60d:   00 cc cc 48 8b 01 48 8b 48 18 48 ff a1 a0 02 00
0x00007ffcd162c61d:   00 cc cc 48 8b 01 41 8b c8 48 8b 50 18 48 ff a2
0x00007ffcd162c62d:   c8 02 00 00 cc cc cc cc cc cc cc cc cc cc cc cc
0x00007ffcd162c63d:   cc cc cc 48 8b 01 49 8b d1 41 8b c8 4c 8b 50 18
0x00007ffcd162c64d:   49 ff a2 d8 02 00 00 cc cc cc cc cc cc cc cc cc
0x00007ffcd162c65d:   cc cc cc 48 8b 01 49 8b d1 41 8b c8 4c 8b 50 18
0x00007ffcd162c66d:   49 ff a2 e0 02 00 00 cc cc cc cc cc cc cc cc cc
0x00007ffcd162c67d:   cc cc cc 48 8b 01 49 8b d1 41 8b c8 4c 8b 50 18
0x00007ffcd162c68d:   49 ff a2 f0 02 00 00 cc cc cc cc cc cc cc cc cc
0x00007ffcd162c69d:   cc cc cc 48 8b 01 49 8b d1 41 8b c8 4c 8b 50 18
0x00007ffcd162c6ad:   49 ff a2 f8 02 00 00 cc cc cc cc cc cc cc cc cc
0x00007ffcd162c6bd:   cc cc cc 48 8b 01 49 8b d1 41 8b c8 4c 8b 50 18
0x00007ffcd162c6cd:   49 ff a2 00 03 00 00 cc cc cc cc cc cc cc cc cc
0x00007ffcd162c6dd:   cc cc cc 48 8b 01 49 8b d1 41 8b c8 4c 8b 50 18
0x00007ffcd162c6ed:   49 ff a2 08 03 00 00 cc cc cc cc cc cc cc cc cc
0x00007ffcd162c6fd:   cc cc cc 48 8b 01 48 8b 48 18 48 8b 81 10 03 00
0x00007ffcd162c70d:   00 48 ff e0 cc cc cc cc cc cc cc cc cc cc cc cc
0x00007ffcd162c71d:   cc cc cc 48 8b 01 49 8b d1 41 8b c8 4c 8b 50 18
0x00007ffcd162c72d:   49 ff a2 68 03 00 00 cc cc cc cc cc cc cc cc cc
0x00007ffcd162c73d:   cc cc cc 48 8b 01 48 8b 48 18 48 8b 81 78 03 00 


Stack slot to memory mapping:
stack at sp + 0 slots: 0x000001a8320ad621 is at code_begin+993 in an Interpreter codelet
method entry point (kind = native)  [0x000001a8320ad240, 0x000001a8320adbc0]  2432 bytes
stack at sp + 1 slots: 0x000001a8320a95cd is at code_begin+1325 in an Interpreter codelet
return entry points  [0x000001a8320a90a0, 0x000001a8320a9ba0]  2816 bytes
stack at sp + 2 slots: 0x000001a8320ad33c is at code_begin+252 in an Interpreter codelet
method entry point (kind = native)  [0x000001a8320ad240, 0x000001a8320adbc0]  2432 bytes
stack at sp + 3 slots: {method} {0x000001a84e13ab50} 'nglGenTextures' '(IJ)V' in 'org/lwjgl/opengl/GL11C'
stack at sp + 4 slots: 0x000001a851ea9c88 points into unknown readable memory: 0x800017da71acaf6a | 6a af ac 71 da 17 00 80
stack at sp + 5 slots: 0x000000920cafea18 is pointing into the stack for thread: 0x000001a82a75f760
stack at sp + 6 slots: 0x000000920cafea80 is pointing into the stack for thread: 0x000001a82a75f760
stack at sp + 7 slots: 0x000001a8320a95cd is at code_begin+1325 in an Interpreter codelet
return entry points  [0x000001a8320a90a0, 0x000001a8320a9ba0]  2816 bytes


---------------  P R O C E S S  ---------------

Threads class SMR info:
_java_thread_list=0x000001a851de3cf0, length=13, elements={
0x000001a82a75f760, 0x000001a84d81da70, 0x000001a84d81edf0, 0x000001a84d8387f0,
0x000001a84d83a0b0, 0x000001a84d83bb90, 0x000001a84d841dc0, 0x000001a84d846880,
0x000001a84d84f2c0, 0x000001a84d861380, 0x000001a84d842c30, 0x000001a84d840f50,
0x000001a84d840a80
}

Java Threads: ( => current thread )
=>0x000001a82a75f760 JavaThread "main" [_thread_in_native, id=28492, stack(0x000000920ca00000,0x000000920cb00000)]
  0x000001a84d81da70 JavaThread "Reference Handler" daemon [_thread_blocked, id=9756, stack(0x000000920d100000,0x000000920d200000)]
  0x000001a84d81edf0 JavaThread "Finalizer" daemon [_thread_blocked, id=38704, stack(0x000000920d200000,0x000000920d300000)]
  0x000001a84d8387f0 JavaThread "Signal Dispatcher" daemon [_thread_blocked, id=25920, stack(0x000000920d300000,0x000000920d400000)]
  0x000001a84d83a0b0 JavaThread "Attach Listener" daemon [_thread_blocked, id=17828, stack(0x000000920d400000,0x000000920d500000)]
  0x000001a84d83bb90 JavaThread "Service Thread" daemon [_thread_blocked, id=26768, stack(0x000000920d500000,0x000000920d600000)]
  0x000001a84d841dc0 JavaThread "Monitor Deflation Thread" daemon [_thread_blocked, id=41480, stack(0x000000920d600000,0x000000920d700000)]
  0x000001a84d846880 JavaThread "C2 CompilerThread0" daemon [_thread_blocked, id=41112, stack(0x000000920d700000,0x000000920d800000)]
  0x000001a84d84f2c0 JavaThread "C1 CompilerThread0" daemon [_thread_blocked, id=35780, stack(0x000000920d800000,0x000000920d900000)]
  0x000001a84d861380 JavaThread "Sweeper thread" daemon [_thread_blocked, id=42544, stack(0x000000920d900000,0x000000920da00000)]
  0x000001a84d842c30 JavaThread "Common-Cleaner" daemon [_thread_blocked, id=41252, stack(0x000000920da00000,0x000000920db00000)]
  0x000001a84d840f50 JavaThread "Monitor Ctrl-Break" daemon [_thread_in_native, id=1600, stack(0x000000920db00000,0x000000920dc00000)]
  0x000001a84d840a80 JavaThread "Notification Thread" daemon [_thread_blocked, id=23476, stack(0x000000920dc00000,0x000000920dd00000)]

Other Threads:
  0x000001a84d819f30 VMThread "VM Thread" [stack: 0x000000920d000000,0x000000920d100000] [id=43012]
  0x000001a82a760700 WatcherThread "VM Periodic Task Thread" [stack: 0x000000920dd00000,0x000000920de00000] [id=43224]
  0x000001a82a7d06d0 WorkerThread "GC Thread#0" [stack: 0x000000920cb00000,0x000000920cc00000] [id=42392]
  0x000001a82a7e3990 ConcurrentGCThread "G1 Main Marker" [stack: 0x000000920cc00000,0x000000920cd00000] [id=25852]
  0x000001a82a7e4e40 WorkerThread "G1 Conc#0" [stack: 0x000000920cd00000,0x000000920ce00000] [id=26016]
  0x000001a82a82e200 ConcurrentGCThread "G1 Refine#0" [stack: 0x000000920ce00000,0x000000920cf00000] [id=30996]
  0x000001a82a82ea20 ConcurrentGCThread "G1 Service" [stack: 0x000000920cf00000,0x000000920d000000] [id=31040]

Threads with active compile tasks:

VM state: not at safepoint (normal execution)

VM Mutex/Monitor currently owned by a thread: None

Heap address: 0x0000000703a00000, size: 4038 MB, Compressed Oops mode: Zero based, Oop shift amount: 3

CDS archive(s) mapped at: [0x0000000800000000-0x0000000800ba0000-0x0000000800ba0000), size 12189696, SharedBaseAddress: 0x0000000800000000, ArchiveRelocationMode: 0.
Compressed class space mapped at: 0x0000000800c00000-0x0000000840c00000, reserved size: 1073741824
Narrow klass base: 0x0000000800000000, Narrow klass shift: 0, Narrow klass range: 0x100000000

GC Precious Log:
 CardTable entry size: 512
 Card Set container configuration: InlinePtr #cards 4 size 8 Array Of Cards #cards 16 size 48 Howl #buckets 8 coarsen threshold 3686 Howl Bitmap #cards 512 size 80 coarsen threshold 460 Card regions per heap region 1 cards per card region 4096
 CPUs: 12 total, 12 available
 Memory: 16145M
 Large Page Support: Disabled
 NUMA Support: Disabled
 Compressed Oops: Enabled (Zero based)
 Heap Region Size: 2M
 Heap Min Capacity: 8M
 Heap Initial Capacity: 254M
 Heap Max Capacity: 4038M
 Pre-touch: Disabled
 Parallel Workers: 10
 Concurrent Workers: 3
 Concurrent Refinement Workers: 10
 Periodic GC: Disabled

Heap:
 garbage-first heap   total 260096K, used 4096K [0x0000000703a00000, 0x0000000800000000)
  region size 2048K, 4 young (8192K), 0 survivors (0K)
 Metaspace       used 2790K, committed 2944K, reserved 1114112K
  class space    used 184K, committed 256K, reserved 1048576K

Heap Regions: E=young(eden), S=young(survivor), O=old, HS=humongous(starts), HC=humongous(continues), CS=collection set, F=free, OA=open archive, CA=closed archive, TAMS=top-at-mark-start (previous, next)
|   0|0x0000000703a00000, 0x0000000703a00000, 0x0000000703c00000|  0%| F|  |TAMS 0x0000000703a00000, 0x0000000703a00000| Untracked 
|   1|0x0000000703c00000, 0x0000000703c00000, 0x0000000703e00000|  0%| F|  |TAMS 0x0000000703c00000, 0x0000000703c00000| Untracked 
|   2|0x0000000703e00000, 0x0000000703e00000, 0x0000000704000000|  0%| F|  |TAMS 0x0000000703e00000, 0x0000000703e00000| Untracked 
|   3|0x0000000704000000, 0x0000000704000000, 0x0000000704200000|  0%| F|  |TAMS 0x0000000704000000, 0x0000000704000000| Untracked 
|   4|0x0000000704200000, 0x0000000704200000, 0x0000000704400000|  0%| F|  |TAMS 0x0000000704200000, 0x0000000704200000| Untracked 
|   5|0x0000000704400000, 0x0000000704400000, 0x0000000704600000|  0%| F|  |TAMS 0x0000000704400000, 0x0000000704400000| Untracked 
|   6|0x0000000704600000, 0x0000000704600000, 0x0000000704800000|  0%| F|  |TAMS 0x0000000704600000, 0x0000000704600000| Untracked 
|   7|0x0000000704800000, 0x0000000704800000, 0x0000000704a00000|  0%| F|  |TAMS 0x0000000704800000, 0x0000000704800000| Untracked 
|   8|0x0000000704a00000, 0x0000000704a00000, 0x0000000704c00000|  0%| F|  |TAMS 0x0000000704a00000, 0x0000000704a00000| Untracked 
|   9|0x0000000704c00000, 0x0000000704c00000, 0x0000000704e00000|  0%| F|  |TAMS 0x0000000704c00000, 0x0000000704c00000| Untracked 
|  10|0x0000000704e00000, 0x0000000704e00000, 0x0000000705000000|  0%| F|  |TAMS 0x0000000704e00000, 0x0000000704e00000| Untracked 
|  11|0x0000000705000000, 0x0000000705000000, 0x0000000705200000|  0%| F|  |TAMS 0x0000000705000000, 0x0000000705000000| Untracked 
|  12|0x0000000705200000, 0x0000000705200000, 0x0000000705400000|  0%| F|  |TAMS 0x0000000705200000, 0x0000000705200000| Untracked 
|  13|0x0000000705400000, 0x0000000705400000, 0x0000000705600000|  0%| F|  |TAMS 0x0000000705400000, 0x0000000705400000| Untracked 
|  14|0x0000000705600000, 0x0000000705600000, 0x0000000705800000|  0%| F|  |TAMS 0x0000000705600000, 0x0000000705600000| Untracked 
|  15|0x0000000705800000, 0x0000000705800000, 0x0000000705a00000|  0%| F|  |TAMS 0x0000000705800000, 0x0000000705800000| Untracked 
|  16|0x0000000705a00000, 0x0000000705a00000, 0x0000000705c00000|  0%| F|  |TAMS 0x0000000705a00000, 0x0000000705a00000| Untracked 
|  17|0x0000000705c00000, 0x0000000705c00000, 0x0000000705e00000|  0%| F|  |TAMS 0x0000000705c00000, 0x0000000705c00000| Untracked 
|  18|0x0000000705e00000, 0x0000000705e00000, 0x0000000706000000|  0%| F|  |TAMS 0x0000000705e00000, 0x0000000705e00000| Untracked 
|  19|0x0000000706000000, 0x0000000706000000, 0x0000000706200000|  0%| F|  |TAMS 0x0000000706000000, 0x0000000706000000| Untracked 
|  20|0x0000000706200000, 0x0000000706200000, 0x0000000706400000|  0%| F|  |TAMS 0x0000000706200000, 0x0000000706200000| Untracked 
|  21|0x0000000706400000, 0x0000000706400000, 0x0000000706600000|  0%| F|  |TAMS 0x0000000706400000, 0x0000000706400000| Untracked 
|  22|0x0000000706600000, 0x0000000706600000, 0x0000000706800000|  0%| F|  |TAMS 0x0000000706600000, 0x0000000706600000| Untracked 
|  23|0x0000000706800000, 0x0000000706800000, 0x0000000706a00000|  0%| F|  |TAMS 0x0000000706800000, 0x0000000706800000| Untracked 
|  24|0x0000000706a00000, 0x0000000706a00000, 0x0000000706c00000|  0%| F|  |TAMS 0x0000000706a00000, 0x0000000706a00000| Untracked 
|  25|0x0000000706c00000, 0x0000000706c00000, 0x0000000706e00000|  0%| F|  |TAMS 0x0000000706c00000, 0x0000000706c00000| Untracked 
|  26|0x0000000706e00000, 0x0000000706e00000, 0x0000000707000000|  0%| F|  |TAMS 0x0000000706e00000, 0x0000000706e00000| Untracked 
|  27|0x0000000707000000, 0x0000000707000000, 0x0000000707200000|  0%| F|  |TAMS 0x0000000707000000, 0x0000000707000000| Untracked 
|  28|0x0000000707200000, 0x0000000707200000, 0x0000000707400000|  0%| F|  |TAMS 0x0000000707200000, 0x0000000707200000| Untracked 
|  29|0x0000000707400000, 0x0000000707400000, 0x0000000707600000|  0%| F|  |TAMS 0x0000000707400000, 0x0000000707400000| Untracked 
|  30|0x0000000707600000, 0x0000000707600000, 0x0000000707800000|  0%| F|  |TAMS 0x0000000707600000, 0x0000000707600000| Untracked 
|  31|0x0000000707800000, 0x0000000707800000, 0x0000000707a00000|  0%| F|  |TAMS 0x0000000707800000, 0x0000000707800000| Untracked 
|  32|0x0000000707a00000, 0x0000000707a00000, 0x0000000707c00000|  0%| F|  |TAMS 0x0000000707a00000, 0x0000000707a00000| Untracked 
|  33|0x0000000707c00000, 0x0000000707c00000, 0x0000000707e00000|  0%| F|  |TAMS 0x0000000707c00000, 0x0000000707c00000| Untracked 
|  34|0x0000000707e00000, 0x0000000707e00000, 0x0000000708000000|  0%| F|  |TAMS 0x0000000707e00000, 0x0000000707e00000| Untracked 
|  35|0x0000000708000000, 0x0000000708000000, 0x0000000708200000|  0%| F|  |TAMS 0x0000000708000000, 0x0000000708000000| Untracked 
|  36|0x0000000708200000, 0x0000000708200000, 0x0000000708400000|  0%| F|  |TAMS 0x0000000708200000, 0x0000000708200000| Untracked 
|  37|0x0000000708400000, 0x0000000708400000, 0x0000000708600000|  0%| F|  |TAMS 0x0000000708400000, 0x0000000708400000| Untracked 
|  38|0x0000000708600000, 0x0000000708600000, 0x0000000708800000|  0%| F|  |TAMS 0x0000000708600000, 0x0000000708600000| Untracked 
|  39|0x0000000708800000, 0x0000000708800000, 0x0000000708a00000|  0%| F|  |TAMS 0x0000000708800000, 0x0000000708800000| Untracked 
|  40|0x0000000708a00000, 0x0000000708a00000, 0x0000000708c00000|  0%| F|  |TAMS 0x0000000708a00000, 0x0000000708a00000| Untracked 
|  41|0x0000000708c00000, 0x0000000708c00000, 0x0000000708e00000|  0%| F|  |TAMS 0x0000000708c00000, 0x0000000708c00000| Untracked 
|  42|0x0000000708e00000, 0x0000000708e00000, 0x0000000709000000|  0%| F|  |TAMS 0x0000000708e00000, 0x0000000708e00000| Untracked 
|  43|0x0000000709000000, 0x0000000709000000, 0x0000000709200000|  0%| F|  |TAMS 0x0000000709000000, 0x0000000709000000| Untracked 
|  44|0x0000000709200000, 0x0000000709200000, 0x0000000709400000|  0%| F|  |TAMS 0x0000000709200000, 0x0000000709200000| Untracked 
|  45|0x0000000709400000, 0x0000000709400000, 0x0000000709600000|  0%| F|  |TAMS 0x0000000709400000, 0x0000000709400000| Untracked 
|  46|0x0000000709600000, 0x0000000709600000, 0x0000000709800000|  0%| F|  |TAMS 0x0000000709600000, 0x0000000709600000| Untracked 
|  47|0x0000000709800000, 0x0000000709800000, 0x0000000709a00000|  0%| F|  |TAMS 0x0000000709800000, 0x0000000709800000| Untracked 
|  48|0x0000000709a00000, 0x0000000709a00000, 0x0000000709c00000|  0%| F|  |TAMS 0x0000000709a00000, 0x0000000709a00000| Untracked 
|  49|0x0000000709c00000, 0x0000000709c00000, 0x0000000709e00000|  0%| F|  |TAMS 0x0000000709c00000, 0x0000000709c00000| Untracked 
|  50|0x0000000709e00000, 0x0000000709e00000, 0x000000070a000000|  0%| F|  |TAMS 0x0000000709e00000, 0x0000000709e00000| Untracked 
|  51|0x000000070a000000, 0x000000070a000000, 0x000000070a200000|  0%| F|  |TAMS 0x000000070a000000, 0x000000070a000000| Untracked 
|  52|0x000000070a200000, 0x000000070a200000, 0x000000070a400000|  0%| F|  |TAMS 0x000000070a200000, 0x000000070a200000| Untracked 
|  53|0x000000070a400000, 0x000000070a400000, 0x000000070a600000|  0%| F|  |TAMS 0x000000070a400000, 0x000000070a400000| Untracked 
|  54|0x000000070a600000, 0x000000070a600000, 0x000000070a800000|  0%| F|  |TAMS 0x000000070a600000, 0x000000070a600000| Untracked 
|  55|0x000000070a800000, 0x000000070a800000, 0x000000070aa00000|  0%| F|  |TAMS 0x000000070a800000, 0x000000070a800000| Untracked 
|  56|0x000000070aa00000, 0x000000070aa00000, 0x000000070ac00000|  0%| F|  |TAMS 0x000000070aa00000, 0x000000070aa00000| Untracked 
|  57|0x000000070ac00000, 0x000000070ac00000, 0x000000070ae00000|  0%| F|  |TAMS 0x000000070ac00000, 0x000000070ac00000| Untracked 
|  58|0x000000070ae00000, 0x000000070ae00000, 0x000000070b000000|  0%| F|  |TAMS 0x000000070ae00000, 0x000000070ae00000| Untracked 
|  59|0x000000070b000000, 0x000000070b000000, 0x000000070b200000|  0%| F|  |TAMS 0x000000070b000000, 0x000000070b000000| Untracked 
|  60|0x000000070b200000, 0x000000070b200000, 0x000000070b400000|  0%| F|  |TAMS 0x000000070b200000, 0x000000070b200000| Untracked 
|  61|0x000000070b400000, 0x000000070b400000, 0x000000070b600000|  0%| F|  |TAMS 0x000000070b400000, 0x000000070b400000| Untracked 
|  62|0x000000070b600000, 0x000000070b600000, 0x000000070b800000|  0%| F|  |TAMS 0x000000070b600000, 0x000000070b600000| Untracked 
|  63|0x000000070b800000, 0x000000070b800000, 0x000000070ba00000|  0%| F|  |TAMS 0x000000070b800000, 0x000000070b800000| Untracked 
|  64|0x000000070ba00000, 0x000000070ba00000, 0x000000070bc00000|  0%| F|  |TAMS 0x000000070ba00000, 0x000000070ba00000| Untracked 
|  65|0x000000070bc00000, 0x000000070bc00000, 0x000000070be00000|  0%| F|  |TAMS 0x000000070bc00000, 0x000000070bc00000| Untracked 
|  66|0x000000070be00000, 0x000000070be00000, 0x000000070c000000|  0%| F|  |TAMS 0x000000070be00000, 0x000000070be00000| Untracked 
|  67|0x000000070c000000, 0x000000070c000000, 0x000000070c200000|  0%| F|  |TAMS 0x000000070c000000, 0x000000070c000000| Untracked 
|  68|0x000000070c200000, 0x000000070c200000, 0x000000070c400000|  0%| F|  |TAMS 0x000000070c200000, 0x000000070c200000| Untracked 
|  69|0x000000070c400000, 0x000000070c400000, 0x000000070c600000|  0%| F|  |TAMS 0x000000070c400000, 0x000000070c400000| Untracked 
|  70|0x000000070c600000, 0x000000070c600000, 0x000000070c800000|  0%| F|  |TAMS 0x000000070c600000, 0x000000070c600000| Untracked 
|  71|0x000000070c800000, 0x000000070c800000, 0x000000070ca00000|  0%| F|  |TAMS 0x000000070c800000, 0x000000070c800000| Untracked 
|  72|0x000000070ca00000, 0x000000070ca00000, 0x000000070cc00000|  0%| F|  |TAMS 0x000000070ca00000, 0x000000070ca00000| Untracked 
|  73|0x000000070cc00000, 0x000000070cc00000, 0x000000070ce00000|  0%| F|  |TAMS 0x000000070cc00000, 0x000000070cc00000| Untracked 
|  74|0x000000070ce00000, 0x000000070ce00000, 0x000000070d000000|  0%| F|  |TAMS 0x000000070ce00000, 0x000000070ce00000| Untracked 
|  75|0x000000070d000000, 0x000000070d000000, 0x000000070d200000|  0%| F|  |TAMS 0x000000070d000000, 0x000000070d000000| Untracked 
|  76|0x000000070d200000, 0x000000070d200000, 0x000000070d400000|  0%| F|  |TAMS 0x000000070d200000, 0x000000070d200000| Untracked 
|  77|0x000000070d400000, 0x000000070d400000, 0x000000070d600000|  0%| F|  |TAMS 0x000000070d400000, 0x000000070d400000| Untracked 
|  78|0x000000070d600000, 0x000000070d600000, 0x000000070d800000|  0%| F|  |TAMS 0x000000070d600000, 0x000000070d600000| Untracked 
|  79|0x000000070d800000, 0x000000070d800000, 0x000000070da00000|  0%| F|  |TAMS 0x000000070d800000, 0x000000070d800000| Untracked 
|  80|0x000000070da00000, 0x000000070da00000, 0x000000070dc00000|  0%| F|  |TAMS 0x000000070da00000, 0x000000070da00000| Untracked 
|  81|0x000000070dc00000, 0x000000070dc00000, 0x000000070de00000|  0%| F|  |TAMS 0x000000070dc00000, 0x000000070dc00000| Untracked 
|  82|0x000000070de00000, 0x000000070de00000, 0x000000070e000000|  0%| F|  |TAMS 0x000000070de00000, 0x000000070de00000| Untracked 
|  83|0x000000070e000000, 0x000000070e000000, 0x000000070e200000|  0%| F|  |TAMS 0x000000070e000000, 0x000000070e000000| Untracked 
|  84|0x000000070e200000, 0x000000070e200000, 0x000000070e400000|  0%| F|  |TAMS 0x000000070e200000, 0x000000070e200000| Untracked 
|  85|0x000000070e400000, 0x000000070e400000, 0x000000070e600000|  0%| F|  |TAMS 0x000000070e400000, 0x000000070e400000| Untracked 
|  86|0x000000070e600000, 0x000000070e600000, 0x000000070e800000|  0%| F|  |TAMS 0x000000070e600000, 0x000000070e600000| Untracked 
|  87|0x000000070e800000, 0x000000070e800000, 0x000000070ea00000|  0%| F|  |TAMS 0x000000070e800000, 0x000000070e800000| Untracked 
|  88|0x000000070ea00000, 0x000000070ea00000, 0x000000070ec00000|  0%| F|  |TAMS 0x000000070ea00000, 0x000000070ea00000| Untracked 
|  89|0x000000070ec00000, 0x000000070ec00000, 0x000000070ee00000|  0%| F|  |TAMS 0x000000070ec00000, 0x000000070ec00000| Untracked 
|  90|0x000000070ee00000, 0x000000070ee00000, 0x000000070f000000|  0%| F|  |TAMS 0x000000070ee00000, 0x000000070ee00000| Untracked 
|  91|0x000000070f000000, 0x000000070f000000, 0x000000070f200000|  0%| F|  |TAMS 0x000000070f000000, 0x000000070f000000| Untracked 
|  92|0x000000070f200000, 0x000000070f200000, 0x000000070f400000|  0%| F|  |TAMS 0x000000070f200000, 0x000000070f200000| Untracked 
|  93|0x000000070f400000, 0x000000070f400000, 0x000000070f600000|  0%| F|  |TAMS 0x000000070f400000, 0x000000070f400000| Untracked 
|  94|0x000000070f600000, 0x000000070f600000, 0x000000070f800000|  0%| F|  |TAMS 0x000000070f600000, 0x000000070f600000| Untracked 
|  95|0x000000070f800000, 0x000000070f800000, 0x000000070fa00000|  0%| F|  |TAMS 0x000000070f800000, 0x000000070f800000| Untracked 
|  96|0x000000070fa00000, 0x000000070fa00000, 0x000000070fc00000|  0%| F|  |TAMS 0x000000070fa00000, 0x000000070fa00000| Untracked 
|  97|0x000000070fc00000, 0x000000070fc00000, 0x000000070fe00000|  0%| F|  |TAMS 0x000000070fc00000, 0x000000070fc00000| Untracked 
|  98|0x000000070fe00000, 0x000000070fe00000, 0x0000000710000000|  0%| F|  |TAMS 0x000000070fe00000, 0x000000070fe00000| Untracked 
|  99|0x0000000710000000, 0x0000000710000000, 0x0000000710200000|  0%| F|  |TAMS 0x0000000710000000, 0x0000000710000000| Untracked 
| 100|0x0000000710200000, 0x0000000710200000, 0x0000000710400000|  0%| F|  |TAMS 0x0000000710200000, 0x0000000710200000| Untracked 
| 101|0x0000000710400000, 0x0000000710400000, 0x0000000710600000|  0%| F|  |TAMS 0x0000000710400000, 0x0000000710400000| Untracked 
| 102|0x0000000710600000, 0x0000000710600000, 0x0000000710800000|  0%| F|  |TAMS 0x0000000710600000, 0x0000000710600000| Untracked 
| 103|0x0000000710800000, 0x0000000710800000, 0x0000000710a00000|  0%| F|  |TAMS 0x0000000710800000, 0x0000000710800000| Untracked 
| 104|0x0000000710a00000, 0x0000000710a00000, 0x0000000710c00000|  0%| F|  |TAMS 0x0000000710a00000, 0x0000000710a00000| Untracked 
| 105|0x0000000710c00000, 0x0000000710c00000, 0x0000000710e00000|  0%| F|  |TAMS 0x0000000710c00000, 0x0000000710c00000| Untracked 
| 106|0x0000000710e00000, 0x0000000710e00000, 0x0000000711000000|  0%| F|  |TAMS 0x0000000710e00000, 0x0000000710e00000| Untracked 
| 107|0x0000000711000000, 0x0000000711000000, 0x0000000711200000|  0%| F|  |TAMS 0x0000000711000000, 0x0000000711000000| Untracked 
| 108|0x0000000711200000, 0x0000000711200000, 0x0000000711400000|  0%| F|  |TAMS 0x0000000711200000, 0x0000000711200000| Untracked 
| 109|0x0000000711400000, 0x0000000711400000, 0x0000000711600000|  0%| F|  |TAMS 0x0000000711400000, 0x0000000711400000| Untracked 
| 110|0x0000000711600000, 0x0000000711600000, 0x0000000711800000|  0%| F|  |TAMS 0x0000000711600000, 0x0000000711600000| Untracked 
| 111|0x0000000711800000, 0x0000000711800000, 0x0000000711a00000|  0%| F|  |TAMS 0x0000000711800000, 0x0000000711800000| Untracked 
| 112|0x0000000711a00000, 0x0000000711a00000, 0x0000000711c00000|  0%| F|  |TAMS 0x0000000711a00000, 0x0000000711a00000| Untracked 
| 113|0x0000000711c00000, 0x0000000711c00000, 0x0000000711e00000|  0%| F|  |TAMS 0x0000000711c00000, 0x0000000711c00000| Untracked 
| 114|0x0000000711e00000, 0x0000000711e00000, 0x0000000712000000|  0%| F|  |TAMS 0x0000000711e00000, 0x0000000711e00000| Untracked 
| 115|0x0000000712000000, 0x0000000712000000, 0x0000000712200000|  0%| F|  |TAMS 0x0000000712000000, 0x0000000712000000| Untracked 
| 116|0x0000000712200000, 0x0000000712200000, 0x0000000712400000|  0%| F|  |TAMS 0x0000000712200000, 0x0000000712200000| Untracked 
| 117|0x0000000712400000, 0x0000000712400000, 0x0000000712600000|  0%| F|  |TAMS 0x0000000712400000, 0x0000000712400000| Untracked 
| 118|0x0000000712600000, 0x0000000712600000, 0x0000000712800000|  0%| F|  |TAMS 0x0000000712600000, 0x0000000712600000| Untracked 
| 119|0x0000000712800000, 0x0000000712800000, 0x0000000712a00000|  0%| F|  |TAMS 0x0000000712800000, 0x0000000712800000| Untracked 
| 120|0x0000000712a00000, 0x0000000712a00000, 0x0000000712c00000|  0%| F|  |TAMS 0x0000000712a00000, 0x0000000712a00000| Untracked 
| 121|0x0000000712c00000, 0x0000000712c00000, 0x0000000712e00000|  0%| F|  |TAMS 0x0000000712c00000, 0x0000000712c00000| Untracked 
| 122|0x0000000712e00000, 0x0000000712e00000, 0x0000000713000000|  0%| F|  |TAMS 0x0000000712e00000, 0x0000000712e00000| Untracked 
| 123|0x0000000713000000, 0x000000071308d198, 0x0000000713200000| 27%| E|  |TAMS 0x0000000713000000, 0x0000000713000000| Complete 
| 124|0x0000000713200000, 0x0000000713400000, 0x0000000713400000|100%| E|  |TAMS 0x0000000713200000, 0x0000000713200000| Complete 
| 125|0x0000000713400000, 0x0000000713600000, 0x0000000713600000|100%| E|CS|TAMS 0x0000000713400000, 0x0000000713400000| Complete 
| 126|0x0000000713600000, 0x0000000713800000, 0x0000000713800000|100%| E|CS|TAMS 0x0000000713600000, 0x0000000713600000| Complete 

Card table byte_map: [0x000001a841df0000,0x000001a8425e0000] _byte_map_base: 0x000001a83e5d3000

Marking Bits (Prev, Next): (CMBitMap*) 0x000001a82a7d3410, (CMBitMap*) 0x000001a82a7d3450
 Prev Bits: [0x000001a842dd0000, 0x000001a846ce8000)
 Next Bits: [0x000001a846cf0000, 0x000001a84ac08000)

Polling page: 0x000001a8286c0000

Metaspace:

Usage:
  Non-class:      2.55 MB used.
      Class:    184.14 KB used.
       Both:      2.73 MB used.

Virtual space:
  Non-class space:       64.00 MB reserved,       2.62 MB (  4%) committed,  1 nodes.
      Class space:        1.00 GB reserved,     256.00 KB ( <1%) committed,  1 nodes.
             Both:        1.06 GB reserved,       2.88 MB ( <1%) committed. 

Chunk freelists:
   Non-Class:  2.69 MB
       Class:  3.64 MB
        Both:  6.33 MB

MaxMetaspaceSize: unlimited
CompressedClassSpaceSize: 1.00 GB
Initial GC threshold: 21.00 MB
Current GC threshold: 21.00 MB
CDS: on
MetaspaceReclaimPolicy: balanced
 - commit_granule_bytes: 65536.
 - commit_granule_words: 8192.
 - virtual_space_node_default_size: 8388608.
 - enlarge_chunks_in_place: 1.
 - new_chunks_are_fully_committed: 0.
 - uncommit_free_chunks: 1.
 - use_allocation_guard: 0.


Internal statistics:

num_allocs_failed_limit: 0.
num_arena_births: 80.
num_arena_deaths: 0.
num_vsnodes_births: 2.
num_vsnodes_deaths: 0.
num_space_committed: 46.
num_space_uncommitted: 0.
num_chunks_returned_to_freelist: 0.
num_chunks_taken_from_freelist: 152.
num_chunk_merges: 0.
num_chunk_splits: 96.
num_chunks_enlarged: 65.
num_inconsistent_stats: 0.

CodeHeap 'non-profiled nmethods': size=120000Kb used=168Kb max_used=168Kb free=119832Kb
 bounds [0x000001a839b70000, 0x000001a839de0000, 0x000001a8410a0000]
CodeHeap 'profiled nmethods': size=120000Kb used=713Kb max_used=713Kb free=119286Kb
 bounds [0x000001a832640000, 0x000001a8328b0000, 0x000001a839b70000]
CodeHeap 'non-nmethods': size=5760Kb used=1578Kb max_used=1593Kb free=4181Kb
 bounds [0x000001a8320a0000, 0x000001a832310000, 0x000001a832640000]
 total_blobs=1511 nmethods=519 adapters=905
 compilation: enabled
              stopped_count=0, restarted_count=0
 full_count=0

Compilation events (20 events):
Event: 0.315 Thread 0x000001a84d84f2c0  509       3       java.util.jar.JarFile::getVersionedEntry (133 bytes)
Event: 0.316 Thread 0x000001a84d84f2c0 nmethod 509 0x000001a8326efd90 code [0x000001a8326f0060, 0x000001a8326f0e58]
Event: 0.316 Thread 0x000001a84d84f2c0  507       3       jdk.internal.jimage.ImageStringsReader::hashCode (8 bytes)
Event: 0.316 Thread 0x000001a84d84f2c0 nmethod 507 0x000001a8326f1410 code [0x000001a8326f15c0, 0x000001a8326f1778]
Event: 0.316 Thread 0x000001a84d84f2c0  510       1       java.lang.NamedPackage::module (5 bytes)
Event: 0.316 Thread 0x000001a84d84f2c0 nmethod 510 0x000001a839b98c10 code [0x000001a839b98da0, 0x000001a839b98e78]
Event: 0.317 Thread 0x000001a84d84f2c0  513       3       sun.misc.Unsafe::putLong (11 bytes)
Event: 0.317 Thread 0x000001a84d846880  511       4       java.lang.Integer::toUnsignedLong (7 bytes)
Event: 0.317 Thread 0x000001a84d84f2c0 nmethod 513 0x000001a8326f1890 code [0x000001a8326f1a20, 0x000001a8326f1b38]
Event: 0.317 Thread 0x000001a84d84f2c0  514       3       org.lwjgl.system.MemoryUtil::memPutAddress (29 bytes)
Event: 0.317 Thread 0x000001a84d846880 nmethod 511 0x000001a839b99310 code [0x000001a839b99480, 0x000001a839b994d8]
Event: 0.317 Thread 0x000001a84d846880  515       4       sun.misc.Unsafe::putLong (11 bytes)
Event: 0.317 Thread 0x000001a84d84f2c0 nmethod 514 0x000001a8326f1c10 code [0x000001a8326f1dc0, 0x000001a8326f1fb8]
Event: 0.317 Thread 0x000001a84d846880 nmethod 515 0x000001a839b99610 code [0x000001a839b99780, 0x000001a839b99818]
Event: 0.319 Thread 0x000001a84d846880  517       4       java.lang.Math::min (11 bytes)
Event: 0.319 Thread 0x000001a84d84f2c0  516       3       java.io.InputStream::<init> (5 bytes)
Event: 0.319 Thread 0x000001a84d84f2c0 nmethod 516 0x000001a8326f2090 code [0x000001a8326f2220, 0x000001a8326f2378]
Event: 0.319 Thread 0x000001a84d846880 nmethod 517 0x000001a839b99910 code [0x000001a839b99a80, 0x000001a839b99ad8]
Event: 0.320 Thread 0x000001a84d84f2c0  518       3       jdk.internal.loader.NativeLibraries$NativeLibraryImpl::find (6 bytes)
Event: 0.320 Thread 0x000001a84d84f2c0 nmethod 518 0x000001a8326f2410 code [0x000001a8326f25a0, 0x000001a8326f26c8]

GC Heap History (0 events):
No events

Deoptimization events (20 events):
Event: 0.124 Thread 0x000001a82a75f760 Uncommon trap: trap_request=0xffffff45 fr.pc=0x000001a839b7e82c relative=0x00000000000000ac
Event: 0.124 Thread 0x000001a82a75f760 Uncommon trap: reason=unstable_if action=reinterpret pc=0x000001a839b7e82c method=java.lang.String.isLatin1()Z @ 10 c2
Event: 0.124 Thread 0x000001a82a75f760 DEOPT PACKING pc=0x000001a839b7e82c sp=0x000000920cafeb80
Event: 0.124 Thread 0x000001a82a75f760 DEOPT UNPACKING pc=0x000001a8320f23a3 sp=0x000000920cafeac0 mode 2
Event: 0.207 Thread 0x000001a82a75f760 DEOPT PACKING pc=0x000001a8326680e7 sp=0x000000920cafb440
Event: 0.207 Thread 0x000001a82a75f760 DEOPT UNPACKING pc=0x000001a8320f2b43 sp=0x000000920cafa860 mode 0
Event: 0.293 Thread 0x000001a82a75f760 DEOPT PACKING pc=0x000001a8326e4337 sp=0x000000920cafeb40
Event: 0.293 Thread 0x000001a82a75f760 DEOPT UNPACKING pc=0x000001a8320f2b43 sp=0x000000920cafe0c8 mode 0
Event: 0.296 Thread 0x000001a82a75f760 Uncommon trap: trap_request=0xffffff45 fr.pc=0x000001a839b97a90 relative=0x0000000000000270
Event: 0.296 Thread 0x000001a82a75f760 Uncommon trap: reason=unstable_if action=reinterpret pc=0x000001a839b97a90 method=java.nio.Buffer.hasRemaining()Z @ 8 c2
Event: 0.296 Thread 0x000001a82a75f760 DEOPT PACKING pc=0x000001a839b97a90 sp=0x000000920cafec00
Event: 0.296 Thread 0x000001a82a75f760 DEOPT UNPACKING pc=0x000001a8320f23a3 sp=0x000000920cafeb68 mode 2
Event: 0.297 Thread 0x000001a82a75f760 Uncommon trap: trap_request=0xffffff45 fr.pc=0x000001a839b971e4 relative=0x0000000000000064
Event: 0.297 Thread 0x000001a82a75f760 Uncommon trap: reason=unstable_if action=reinterpret pc=0x000001a839b971e4 method=java.nio.Buffer.hasRemaining()Z @ 8 c2
Event: 0.297 Thread 0x000001a82a75f760 DEOPT PACKING pc=0x000001a839b971e4 sp=0x000000920cafdd80
Event: 0.297 Thread 0x000001a82a75f760 DEOPT UNPACKING pc=0x000001a8320f23a3 sp=0x000000920cafdd18 mode 2
Event: 0.320 Thread 0x000001a82a75f760 Uncommon trap: trap_request=0xffffff54 fr.pc=0x000001a839b997e0 relative=0x0000000000000060
Event: 0.320 Thread 0x000001a82a75f760 Uncommon trap: reason=speculate_null_assert action=make_not_entrant pc=0x000001a839b997e0 method=sun.misc.Unsafe.putLong(Ljava/lang/Object;JJ)V @ 7 c2
Event: 0.320 Thread 0x000001a82a75f760 DEOPT PACKING pc=0x000001a839b997e0 sp=0x000000920cafe930
Event: 0.320 Thread 0x000001a82a75f760 DEOPT UNPACKING pc=0x000001a8320f23a3 sp=0x000000920cafe8a8 mode 2

Classes loaded (20 events):
Event: 0.205 Loading class sun/misc/Unsafe
Event: 0.205 Loading class sun/misc/Unsafe done
Event: 0.206 Loading class java/lang/invoke/DirectMethodHandle$StaticAccessor
Event: 0.206 Loading class java/lang/invoke/DirectMethodHandle$StaticAccessor done
Event: 0.208 Loading class java/util/function/LongPredicate
Event: 0.208 Loading class java/util/function/LongPredicate done
Event: 0.210 Loading class jdk/internal/access/foreign/MemorySegmentProxy
Event: 0.210 Loading class jdk/internal/access/foreign/MemorySegmentProxy done
Event: 0.215 Loading class java/nio/InvalidMarkException
Event: 0.215 Loading class java/nio/InvalidMarkException done
Event: 0.215 Loading class java/nio/BufferUnderflowException
Event: 0.215 Loading class java/nio/BufferUnderflowException done
Event: 0.217 Loading class java/lang/IndexOutOfBoundsException
Event: 0.217 Loading class java/lang/IndexOutOfBoundsException done
Event: 0.247 Loading class java/nio/channels/spi/AbstractInterruptibleChannel$1
Event: 0.247 Loading class sun/nio/ch/Interruptible
Event: 0.247 Loading class sun/nio/ch/Interruptible done
Event: 0.247 Loading class java/nio/channels/spi/AbstractInterruptibleChannel$1 done
Event: 0.270 Loading class jdk/internal/misc/ScopedMemoryAccess$Scope
Event: 0.270 Loading class jdk/internal/misc/ScopedMemoryAccess$Scope done

Classes unloaded (0 events):
No events

Classes redefined (0 events):
No events

Internal exceptions (20 events):
Event: 0.187 Thread 0x000001a82a75f760 Exception <a 'sun/nio/fs/WindowsException'{0x00000007132405b8}> (0x00000007132405b8) 
thrown [s\open\src\hotspot\share\prims\jni.cpp, line 516]
Event: 0.197 Thread 0x000001a82a75f760 Exception <a 'sun/nio/fs/WindowsException'{0x0000000713254398}> (0x0000000713254398) 
thrown [s\open\src\hotspot\share\prims\jni.cpp, line 516]
Event: 0.197 Thread 0x000001a82a75f760 Exception <a 'sun/nio/fs/WindowsException'{0x00000007132546f8}> (0x00000007132546f8) 
thrown [s\open\src\hotspot\share\prims\jni.cpp, line 516]
Event: 0.203 Thread 0x000001a82a75f760 Exception <a 'java/lang/NoSuchMethodError'{0x0000000713272d90}: 'java.lang.Object java.lang.invoke.DirectMethodHandle$Holder.invokeStaticInit(java.lang.Object)'> (0x0000000713272d90) 
thrown [s\open\src\hotspot\share\interpreter\linkResolver.cpp, line 759]
Event: 0.208 Thread 0x000001a82a75f760 Exception <a 'java/lang/NoSuchMethodError'{0x00000007132a39e0}: 'int java.lang.invoke.DirectMethodHandle$Holder.invokeStaticInit(java.lang.Object, java.lang.Object, int, long)'> (0x00000007132a39e0) 
thrown [s\open\src\hotspot\share\interpreter\linkResolver.cpp, line 759]
Event: 0.209 Thread 0x000001a82a75f760 Exception <a 'java/lang/NoSuchMethodError'{0x00000007132a92a8}: 'java.lang.Object java.lang.invoke.DirectMethodHandle$Holder.newInvokeSpecial(java.lang.Object, java.lang.Object, int)'> (0x00000007132a92a8) 
thrown [s\open\src\hotspot\share\interpreter\linkResolver.cpp, line 759]
Event: 0.211 Thread 0x000001a82a75f760 Exception <a 'java/lang/NoSuchMethodError'{0x00000007132b7d68}: 'int java.lang.invoke.DirectMethodHandle$Holder.invokeStaticInit(java.lang.Object, java.lang.Object, long, long)'> (0x00000007132b7d68) 
thrown [s\open\src\hotspot\share\interpreter\linkResolver.cpp, line 759]
Event: 0.212 Thread 0x000001a82a75f760 Exception <a 'java/lang/NoSuchMethodError'{0x00000007132bde78}: 'java.lang.Object java.lang.invoke.DirectMethodHandle$Holder.newInvokeSpecial(java.lang.Object, java.lang.Object, long)'> (0x00000007132bde78) 
thrown [s\open\src\hotspot\share\interpreter\linkResolver.cpp, line 759]
Event: 0.213 Thread 0x000001a82a75f760 Exception <a 'java/lang/NoSuchMethodError'{0x00000007132c1ed0}: 'java.lang.Object java.lang.invoke.Invokers$Holder.linkToTargetMethod(java.lang.Object, long, java.lang.Object)'> (0x00000007132c1ed0) 
thrown [s\open\src\hotspot\share\interpreter\linkResolver.cpp, line 759]
Event: 0.213 Thread 0x000001a82a75f760 Exception <a 'java/lang/NoSuchMethodError'{0x00000007132c9478}: 'int java.lang.invoke.DirectMethodHandle$Holder.invokeStaticInit(java.lang.Object, java.lang.Object, java.lang.Object, long)'> (0x00000007132c9478) 
thrown [s\open\src\hotspot\share\interpreter\linkResolver.cpp, line 759]
Event: 0.249 Thread 0x000001a82a75f760 Exception <a 'java/lang/NoSuchMethodError'{0x0000000713353d90}: 'void java.lang.System.load(java.lang.String, java.lang.Class)'> (0x0000000713353d90) 
thrown [s\open\src\hotspot\share\interpreter\linkResolver.cpp, line 759]
Event: 0.250 Thread 0x000001a82a75f760 Exception <a 'java/lang/NoSuchMethodError'{0x0000000713356c28}: 'void java.lang.System.loadLibrary(java.lang.String, java.lang.Class)'> (0x0000000713356c28) 
thrown [s\open\src\hotspot\share\interpreter\linkResolver.cpp, line 759]
Event: 0.257 Thread 0x000001a82a75f760 Exception <a 'sun/nio/fs/WindowsException'{0x00000007133669e0}> (0x00000007133669e0) 
thrown [s\open\src\hotspot\share\prims\jni.cpp, line 516]
Event: 0.257 Thread 0x000001a82a75f760 Exception <a 'sun/nio/fs/WindowsException'{0x0000000713366d60}> (0x0000000713366d60) 
thrown [s\open\src\hotspot\share\prims\jni.cpp, line 516]
Event: 0.305 Thread 0x000001a82a75f760 Exception <a 'java/lang/NoSuchMethodError'{0x00000007133fd208}: 'void java.lang.System.load(java.lang.String, java.lang.Class)'> (0x00000007133fd208) 
thrown [s\open\src\hotspot\share\interpreter\linkResolver.cpp, line 759]
Event: 0.306 Thread 0x000001a82a75f760 Exception <a 'java/lang/NoSuchMethodError'{0x000000071301ca28}: 'void java.lang.System.loadLibrary(java.lang.String, java.lang.Class)'> (0x000000071301ca28) 
thrown [s\open\src\hotspot\share\interpreter\linkResolver.cpp, line 759]
Event: 0.311 Thread 0x000001a82a75f760 Exception <a 'sun/nio/fs/WindowsException'{0x000000071302cae8}> (0x000000071302cae8) 
thrown [s\open\src\hotspot\share\prims\jni.cpp, line 516]
Event: 0.311 Thread 0x000001a82a75f760 Exception <a 'sun/nio/fs/WindowsException'{0x000000071302ce90}> (0x000000071302ce90) 
thrown [s\open\src\hotspot\share\prims\jni.cpp, line 516]
Event: 0.314 Thread 0x000001a82a75f760 Exception <a 'sun/nio/fs/WindowsException'{0x00000007130328d0}> (0x00000007130328d0) 
thrown [s\open\src\hotspot\share\prims\jni.cpp, line 516]
Event: 0.314 Thread 0x000001a82a75f760 Exception <a 'sun/nio/fs/WindowsException'{0x0000000713032bb0}> (0x0000000713032bb0) 
thrown [s\open\src\hotspot\share\prims\jni.cpp, line 516]

VM Operations (4 events):
Event: 0.073 Executing VM operation: HandshakeAllThreads
Event: 0.073 Executing VM operation: HandshakeAllThreads done
Event: 0.126 Executing VM operation: HandshakeAllThreads
Event: 0.126 Executing VM operation: HandshakeAllThreads done

Events (20 events):
Event: 0.035 Thread 0x000001a84d8387f0 Thread added: 0x000001a84d8387f0
Event: 0.035 Thread 0x000001a84d83a0b0 Thread added: 0x000001a84d83a0b0
Event: 0.035 Thread 0x000001a84d83bb90 Thread added: 0x000001a84d83bb90
Event: 0.035 Thread 0x000001a84d841dc0 Thread added: 0x000001a84d841dc0
Event: 0.035 Thread 0x000001a84d846880 Thread added: 0x000001a84d846880
Event: 0.035 Thread 0x000001a84d84f2c0 Thread added: 0x000001a84d84f2c0
Event: 0.036 Thread 0x000001a84d861380 Thread added: 0x000001a84d861380
Event: 0.066 Thread 0x000001a84d842c30 Thread added: 0x000001a84d842c30
Event: 0.085 Loaded shared library C:\Users\andre\.jdks\openjdk-18.0.2\bin\zip.dll
Event: 0.087 Loaded shared library C:\Users\andre\.jdks\openjdk-18.0.2\bin\instrument.dll
Event: 0.094 Loaded shared library C:\Users\andre\.jdks\openjdk-18.0.2\bin\net.dll
Event: 0.096 Loaded shared library C:\Users\andre\.jdks\openjdk-18.0.2\bin\nio.dll
Event: 0.099 Loaded shared library C:\Users\andre\.jdks\openjdk-18.0.2\bin\zip.dll
Event: 0.123 Loaded shared library C:\Program Files\JetBrains\IntelliJ IDEA Community Edition 2022.2\bin\breakgen64.dll
Event: 0.124 Thread 0x000001a84d840f50 Thread added: 0x000001a84d840f50
Event: 0.124 Thread 0x000001a84d840a80 Thread added: 0x000001a84d840a80
Event: 0.168 Loaded shared library C:\Users\andre\.jdks\openjdk-18.0.2\bin\jimage.dll
Event: 0.189 Loaded shared library C:\Users\andre\AppData\Local\Temp\lwjglandre\3.3.1-build-7\lwjgl.dll
Event: 0.259 Loaded shared library C:\Users\andre\AppData\Local\Temp\lwjglandre\3.3.1-build-7\lwjgl_stb.dll
Event: 0.312 Loaded shared library C:\Users\andre\AppData\Local\Temp\lwjglandre\3.3.1-build-7\lwjgl_opengl.dll


Dynamic libraries:
0x00007ff667fa0000 - 0x00007ff667fae000 	C:\Users\andre\.jdks\openjdk-18.0.2\bin\java.exe
0x00007ffd3ac10000 - 0x00007ffd3ae08000 	C:\Windows\SYSTEM32\ntdll.dll
0x00007ffd39480000 - 0x00007ffd3953d000 	C:\Windows\System32\KERNEL32.DLL
0x00007ffd38500000 - 0x00007ffd387ce000 	C:\Windows\System32\KERNELBASE.dll
0x00007ffd38b70000 - 0x00007ffd38c70000 	C:\Windows\System32\ucrtbase.dll
0x00007ffd1fde0000 - 0x00007ffd1fdf7000 	C:\Users\andre\.jdks\openjdk-18.0.2\bin\jli.dll
0x00007ffd1ffc0000 - 0x00007ffd1ffda000 	C:\Users\andre\.jdks\openjdk-18.0.2\bin\VCRUNTIME140.dll
0x00007ffd39850000 - 0x00007ffd399f0000 	C:\Windows\System32\USER32.dll
0x00007ffd38b40000 - 0x00007ffd38b62000 	C:\Windows\System32\win32u.dll
0x00007ffd1c3e0000 - 0x00007ffd1c67a000 	C:\Windows\WinSxS\amd64_microsoft.windows.common-controls_6595b64144ccf1df_6.0.19041.1110_none_60b5254171f9507e\COMCTL32.dll
0x00007ffd39640000 - 0x00007ffd3966a000 	C:\Windows\System32\GDI32.dll
0x00007ffd38cd0000 - 0x00007ffd38d6e000 	C:\Windows\System32\msvcrt.dll
0x00007ffd38820000 - 0x00007ffd3892b000 	C:\Windows\System32\gdi32full.dll
0x00007ffd38330000 - 0x00007ffd383cd000 	C:\Windows\System32\msvcp_win.dll
0x00007ffd39600000 - 0x00007ffd39630000 	C:\Windows\System32\IMM32.DLL
0x00007ffd20050000 - 0x00007ffd2005c000 	C:\Users\andre\.jdks\openjdk-18.0.2\bin\vcruntime140_1.dll
0x00007ffd10ce0000 - 0x00007ffd10d6d000 	C:\Users\andre\.jdks\openjdk-18.0.2\bin\msvcp140.dll
0x00007ffcb8b30000 - 0x00007ffcb9741000 	C:\Users\andre\.jdks\openjdk-18.0.2\bin\server\jvm.dll
0x00007ffd39e30000 - 0x00007ffd39ede000 	C:\Windows\System32\ADVAPI32.dll
0x00007ffd38ff0000 - 0x00007ffd3908c000 	C:\Windows\System32\sechost.dll
0x00007ffd3aaa0000 - 0x00007ffd3abc5000 	C:\Windows\System32\RPCRT4.dll
0x00007ffd39090000 - 0x00007ffd39098000 	C:\Windows\System32\PSAPI.DLL
0x00007ffd32140000 - 0x00007ffd32167000 	C:\Windows\SYSTEM32\WINMM.dll
0x00007ffd309d0000 - 0x00007ffd309da000 	C:\Windows\SYSTEM32\VERSION.dll
0x00007ffcd91a0000 - 0x00007ffcd91a9000 	C:\Windows\SYSTEM32\WSOCK32.dll
0x00007ffd397d0000 - 0x00007ffd3983b000 	C:\Windows\System32\WS2_32.dll
0x00007ffd36200000 - 0x00007ffd36212000 	C:\Windows\SYSTEM32\kernel.appcore.dll
0x00007ffd1fdd0000 - 0x00007ffd1fdda000 	C:\Users\andre\.jdks\openjdk-18.0.2\bin\jimage.dll
0x00007ffd31ee0000 - 0x00007ffd320c4000 	C:\Windows\SYSTEM32\DBGHELP.DLL
0x00007ffd31e80000 - 0x00007ffd31eac000 	C:\Windows\SYSTEM32\dbgcore.DLL
0x00007ffd383d0000 - 0x00007ffd38452000 	C:\Windows\System32\bcryptPrimitives.dll
0x00007ffd30bd0000 - 0x00007ffd30bde000 	C:\Users\andre\.jdks\openjdk-18.0.2\bin\instrument.dll
0x00007ffd1f7f0000 - 0x00007ffd1f815000 	C:\Users\andre\.jdks\openjdk-18.0.2\bin\java.dll
0x00007ffcd0fe0000 - 0x00007ffcd10b6000 	C:\Users\andre\.jdks\openjdk-18.0.2\bin\jsvml.dll
0x00007ffd3a350000 - 0x00007ffd3aa93000 	C:\Windows\System32\SHELL32.dll
0x00007ffd36420000 - 0x00007ffd36bb5000 	C:\Windows\SYSTEM32\windows.storage.dll
0x00007ffd39100000 - 0x00007ffd39454000 	C:\Windows\System32\combase.dll
0x00007ffd37d90000 - 0x00007ffd37dc0000 	C:\Windows\SYSTEM32\Wldp.dll
0x00007ffd39720000 - 0x00007ffd397cd000 	C:\Windows\System32\SHCORE.dll
0x00007ffd395a0000 - 0x00007ffd395f5000 	C:\Windows\System32\shlwapi.dll
0x00007ffd38270000 - 0x00007ffd3828f000 	C:\Windows\SYSTEM32\profapi.dll
0x00007ffd1f750000 - 0x00007ffd1f768000 	C:\Users\andre\.jdks\openjdk-18.0.2\bin\zip.dll
0x00007ffd1f7d0000 - 0x00007ffd1f7e3000 	C:\Users\andre\.jdks\openjdk-18.0.2\bin\net.dll
0x00007ffd33000000 - 0x00007ffd3310a000 	C:\Windows\SYSTEM32\WINHTTP.dll
0x00007ffd37af0000 - 0x00007ffd37b5a000 	C:\Windows\system32\mswsock.dll
0x00007ffd1f770000 - 0x00007ffd1f786000 	C:\Users\andre\.jdks\openjdk-18.0.2\bin\nio.dll
0x00007ffd1f3f0000 - 0x00007ffd1f40a000 	C:\Program Files\JetBrains\IntelliJ IDEA Community Edition 2022.2\bin\breakgen64.dll
0x00007ffcea6d0000 - 0x00007ffcea745000 	C:\Users\andre\AppData\Local\Temp\lwjglandre\3.3.1-build-7\lwjgl.dll
0x00007ffcdc310000 - 0x00007ffcdc371000 	C:\Users\andre\AppData\Local\Temp\lwjglandre\3.3.1-build-7\glfw.dll
0x00007ffce97b0000 - 0x00007ffce97f5000 	C:\Windows\SYSTEM32\dinput8.dll
0x00007ffcd1a90000 - 0x00007ffcd1aa1000 	C:\Windows\SYSTEM32\xinput1_4.dll
0x00007ffd387d0000 - 0x00007ffd3881e000 	C:\Windows\System32\cfgmgr32.dll
0x00007ffd380e0000 - 0x00007ffd3810c000 	C:\Windows\SYSTEM32\DEVOBJ.dll
0x00007ffd35f10000 - 0x00007ffd35f3f000 	C:\Windows\SYSTEM32\dwmapi.dll
0x00007ffd02080000 - 0x00007ffd021d2000 	C:\Windows\SYSTEM32\inputhost.dll
0x00007ffd38d70000 - 0x00007ffd38e3d000 	C:\Windows\System32\OLEAUT32.dll
0x00007ffd35950000 - 0x00007ffd35a42000 	C:\Windows\SYSTEM32\CoreMessaging.dll
0x00007ffd33a10000 - 0x00007ffd33b06000 	C:\Windows\SYSTEM32\PROPSYS.dll
0x00007ffd34ef0000 - 0x00007ffd35044000 	C:\Windows\SYSTEM32\wintypes.dll
0x00007ffd355f0000 - 0x00007ffd3594e000 	C:\Windows\SYSTEM32\CoreUIComponents.dll
0x00007ffd37150000 - 0x00007ffd37183000 	C:\Windows\SYSTEM32\ntmarta.dll
0x00007ffd35d20000 - 0x00007ffd35dbe000 	C:\Windows\system32\uxtheme.dll
0x00007ffd39d10000 - 0x00007ffd39e25000 	C:\Windows\System32\MSCTF.dll
0x00007ffcd0300000 - 0x00007ffcd0381000 	C:\Users\andre\AppData\Local\Temp\lwjglandre\3.3.1-build-7\lwjgl_stb.dll
0x00007ffcd1620000 - 0x00007ffcd167d000 	C:\Users\andre\AppData\Local\Temp\lwjglandre\3.3.1-build-7\lwjgl_opengl.dll
0x00007ffcfdb60000 - 0x00007ffcfdc87000 	C:\Windows\SYSTEM32\opengl32.dll
0x00007ffcfff20000 - 0x00007ffcfff4c000 	C:\Windows\SYSTEM32\GLU32.dll

dbghelp: loaded successfully - version: 4.0.5 - missing functions: none
symbol engine: initialized successfully - sym options: 0x614 - pdb path: .;C:\Users\andre\.jdks\openjdk-18.0.2\bin;C:\Windows\SYSTEM32;C:\Windows\WinSxS\amd64_microsoft.windows.common-controls_6595b64144ccf1df_6.0.19041.1110_none_60b5254171f9507e;C:\Users\andre\.jdks\openjdk-18.0.2\bin\server;C:\Program Files\JetBrains\IntelliJ IDEA Community Edition 2022.2\bin;C:\Users\andre\AppData\Local\Temp\lwjglandre\3.3.1-build-7

VM Arguments:
jvm_args: -javaagent:C:\Program Files\JetBrains\IntelliJ IDEA Community Edition 2022.2\lib\idea_rt.jar=53755:C:\Program Files\JetBrains\IntelliJ IDEA Community Edition 2022.2\bin -Dfile.encoding=UTF-8 
java_command: ShadowDimension
java_class_path (initial): C:\Users\andre\Desktop\University\Semester 2 2022\Object Oriented Software Development\Git\Project 2\akwalton-project-2\target\classes;C:\Users\andre\.m2\repository\org\lwjgl\lwjgl\3.3.1\lwjgl-3.3.1.jar;C:\Users\andre\.m2\repository\org\lwjgl\lwjgl-assimp\3.3.1\lwjgl-assimp-3.3.1.jar;C:\Users\andre\.m2\repository\org\lwjgl\lwjgl-glfw\3.3.1\lwjgl-glfw-3.3.1.jar;C:\Users\andre\.m2\repository\org\lwjgl\lwjgl-openal\3.3.1\lwjgl-openal-3.3.1.jar;C:\Users\andre\.m2\repository\org\lwjgl\lwjgl-opengl\3.3.1\lwjgl-opengl-3.3.1.jar;C:\Users\andre\.m2\repository\org\lwjgl\lwjgl-stb\3.3.1\lwjgl-stb-3.3.1.jar;C:\Users\andre\.m2\repository\org\lwjgl\lwjgl\3.3.1\lwjgl-3.3.1-natives-windows.jar;C:\Users\andre\.m2\repository\org\lwjgl\lwjgl-assimp\3.3.1\lwjgl-assimp-3.3.1-natives-windows.jar;C:\Users\andre\.m2\repository\org\lwjgl\lwjgl-glfw\3.3.1\lwjgl-glfw-3.3.1-natives-windows.jar;C:\Users\andre\.m2\repository\org\lwjgl\lwjgl-openal\3.3.1\lwjgl-openal-3.3.1-natives-windows.jar;C:\Users\andre\.m2\repository\org\lwjgl\lwjgl-opengl\3.3.1\lwjgl-opengl-3.3.1-natives-windows.jar;C:\Users\andre\.m2\repository\org\lwjgl\lwjgl-stb\3.3.1\lwjgl-stb-3.3.1-natives-windows.jar;C:\Users\andre\.m2\repository\io\github\eleanor-em\bagel\1.9.3\bagel-1.9.3.jar
Launcher Type: SUN_STANDARD

[Global flags]
     intx CICompilerCount                          = 4                                         {product} {ergonomic}
     uint ConcGCThreads                            = 3                                         {product} {ergonomic}
     uint G1ConcRefinementThreads                  = 10                                        {product} {ergonomic}
   size_t G1HeapRegionSize                         = 2097152                                   {product} {ergonomic}
    uintx GCDrainStackTargetSize                   = 64                                        {product} {ergonomic}
   size_t InitialHeapSize                          = 266338304                                 {product} {ergonomic}
   size_t MarkStackSize                            = 4194304                                   {product} {ergonomic}
   size_t MaxHeapSize                              = 4234149888                                {product} {ergonomic}
   size_t MaxNewSize                               = 2539651072                                {product} {ergonomic}
   size_t MinHeapDeltaBytes                        = 2097152                                   {product} {ergonomic}
   size_t MinHeapSize                              = 8388608                                   {product} {ergonomic}
    uintx NonNMethodCodeHeapSize                   = 5839372                                {pd product} {ergonomic}
    uintx NonProfiledCodeHeapSize                  = 122909434                              {pd product} {ergonomic}
    uintx ProfiledCodeHeapSize                     = 122909434                              {pd product} {ergonomic}
    uintx ReservedCodeCacheSize                    = 251658240                              {pd product} {ergonomic}
     bool SegmentedCodeCache                       = true                                      {product} {ergonomic}
   size_t SoftMaxHeapSize                          = 4234149888                             {manageable} {ergonomic}
     bool UseCompressedClassPointers               = true                           {product lp64_product} {ergonomic}
     bool UseCompressedOops                        = true                           {product lp64_product} {ergonomic}
     bool UseG1GC                                  = true                                      {product} {ergonomic}
     bool UseLargePagesIndividualAllocation        = false                                  {pd product} {ergonomic}

Logging:
Log output configuration:
 #0: stdout all=warning uptime,level,tags foldmultilines=false
 #1: stderr all=off uptime,level,tags foldmultilines=false

Environment Variables:
PATH=C:\Users\andre\Desktop\University\Python\Scripts\;C:\Users\andre\Desktop\University\Python\;C:\Program Files\Microsoft\jdk-11.0.12.7-hotspot\bin;C:\Program Files\Python37\Scripts\;C:\Program Files\Python37\;C:\Program Files\Common Files\Oracle\Java\javapath;C:\Windows\system32;C:\Windows;C:\Windows\System32\Wbem;C:\Windows\System32\WindowsPowerShell\v1.0\;C:\Windows\System32\OpenSSH\;C:\Program Files (x86)\NVIDIA Corporation\PhysX\Common;C:\Program Files\NVIDIA Corporation\NVIDIA NvDLISR;C:\Users\andre\OneDrive\Desktop\runtime\win64;C:\Users\andre\OneDrive\Desktop\bin;C:\Program Files\MATLAB\R2021b\bin;C:\Program Files\dotnet\;C:\Program Files\Microsoft SQL Server\150\Tools\Binn\;C:\Program Files\Microsoft SQL Server\Client SDK\ODBC\170\Tools\Binn\;C:\Program Files\Git\cmd;C:\Program Files\PowerShell\7\;C:\Users\andre\AppData\Local\Microsoft\WindowsApps;C:\MinGW\bin;C:\Users\andre\.dotnet\tools;C:\Users\andre\AppData\Local\Programs\Microsoft VS Code\bin
USERNAME=andre
OS=Windows_NT
PROCESSOR_IDENTIFIER=Intel64 Family 6 Model 165 Stepping 2, GenuineIntel



---------------  S Y S T E M  ---------------

OS:
 Windows 10 , 64 bit Build 19041 (10.0.19041.1889)
OS uptime: 9 days 0:22 hours

CPU: total 12 (initial active 12) (6 cores per cpu, 2 threads per core) family 6 model 165 stepping 2 microcode 0xf0, cx8, cmov, fxsr, ht, mmx, 3dnowpref, sse, sse2, sse3, ssse3, sse4.1, sse4.2, popcnt, lzcnt, tsc, tscinvbit, avx, avx2, aes, erms, clmul, bmi1, bmi2, adx, fma, vzeroupper, clflush, clflushopt

Memory: 4k page, system-wide physical 16145M (3442M free)
TotalPageFile size 23313M (AvailPageFile size 3488M)
current process WorkingSet (physical memory assigned to process): 53M, peak: 53M
current process commit charge ("private bytes"): 356M, peak: 356M

vm_info: OpenJDK 64-Bit Server VM (18.0.2+9-61) for windows-amd64 JRE (18.0.2+9-61), built on Jun  7 2022 13:05:59 by "mach5one" with MS VC++ 16.8 / 16.9 (VS2019)

END.
