#
# A fatal error has been detected by the Java Runtime Environment:
#
#  EXCEPTION_ACCESS_VIOLATION (0xc0000005) at pc=0x00007ffd0364c64d, pid=5592, tid=37980
#
# JRE version: OpenJDK Runtime Environment (18.0.2+9) (build 18.0.2+9-61)
# Java VM: OpenJDK 64-Bit Server VM (18.0.2+9-61, mixed mode, sharing, tiered, compressed oops, compressed class ptrs, g1 gc, windows-amd64)
# Problematic frame:
# C  [lwjgl_opengl.dll+0xc64d]
#
# No core dump will be written. Minidumps are not enabled by default on client versions of Windows
#
# If you would like to submit a bug report, please visit:
#   https://bugreport.java.com/bugreport/crash.jsp
# The crash happened outside the Java Virtual Machine in native code.
# See problematic frame for where to report the bug.
#

---------------  S U M M A R Y ------------

Command Line: -javaagent:C:\Program Files\JetBrains\IntelliJ IDEA Community Edition 2022.2\lib\idea_rt.jar=54041:C:\Program Files\JetBrains\IntelliJ IDEA Community Edition 2022.2\bin -Dfile.encoding=UTF-8 ShadowDimension

Host: Intel(R) Core(TM) i7-10750H CPU @ 2.60GHz, 12 cores, 15G,  Windows 10 , 64 bit Build 19041 (10.0.19041.1889)
Time: Wed Oct  5 15:15:00 2022 AUS Eastern Daylight Time elapsed time: 0.411867 seconds (0d 0h 0m 0s)

---------------  T H R E A D  ---------------

Current thread (0x000001770e1f0240):  JavaThread "main" [_thread_in_native, id=37980, stack(0x0000002db5800000,0x0000002db5900000)]

Stack: [0x0000002db5800000,0x0000002db5900000],  sp=0x0000002db58ff0a8,  free space=1020k
Native frames: (J=compiled Java code, j=interpreted, Vv=VM code, C=native code)
C  [lwjgl_opengl.dll+0xc64d]

Java frames: (J=compiled Java code, j=interpreted, Vv=VM code)
j  org.lwjgl.opengl.GL11C.nglGenTextures(IJ)V+0
j  org.lwjgl.opengl.GL11C.glGenTextures()I+20
j  org.lwjgl.opengl.GL11.glGenTextures()I+0
j  bagel.Texture.<init>(IILjava/nio/ByteBuffer;)V+21
j  bagel.InternalFont.<init>(Ljava/lang/String;I)V+231
j  bagel.TextureManager.getFont(Ljava/lang/String;I)Lbagel/InternalFont;+41
j  bagel.Font.<init>(Ljava/lang/String;I)V+7
j  ShadowDimension.<clinit>()V+8
v  ~StubRoutines::call_stub

siginfo: EXCEPTION_ACCESS_VIOLATION (0xc0000005), reading address 0x00000000000002d8


Register to memory mapping:

RIP=0x00007ffd0364c64d lwjgl_opengl.dll
RAX=0x0000017737693c10 points into unknown readable memory: 0x0000000000000000 | 00 00 00 00 00 00 00 00
RBX={method} {0x000001773393ab68} 'nglGenTextures' '(IJ)V' in 'org/lwjgl/opengl/GL11C'
RCX=0x0000000000000001 is an unknown value
RDX=0x00000177377e7f4c points into unknown readable memory: 00 00 00 00
RSP=0x0000002db58ff0a8 is pointing into the stack for thread: 0x000001770e1f0240
RBP=0x0000002db58ff138 is pointing into the stack for thread: 0x000001770e1f0240
RSI=0x00000177377aac58 points into unknown readable memory: 0x88002a00ba442d1c | 1c 2d 44 ba 00 2a 00 88
RDI=0x00000177173095cd is at code_begin+1325 in an Interpreter codelet
return entry points  [0x00000177173090a0, 0x0000017717309ba0]  2816 bytes
R8 =0x0000000000000001 is an unknown value
R9 =0x00000177377e7f4c points into unknown readable memory: 00 00 00 00
R10=0x0 is NULL
R11=0x000000071305ef10 is an oop: java.lang.Class 
{0x000000071305ef10} - klass: 'java/lang/Class'
 - ---- fields (total size 116 words):
 - private volatile transient 'classRedefinedCount' 'I' @12  0
 - abstract internal 'klass' 'J' @16  34372420312 (c182d8 8)
 - abstract internal 'array_klass' 'J' @24  0 (0 0)
 - abstract internal 'oop_size' 'I' @32  116 (74)
 - abstract internal 'static_oop_field_count' 'I' @36  0
 - private volatile transient 'cachedConstructor' 'Ljava/lang/reflect/Constructor;' @40  NULL (0)
 - private transient 'name' 'Ljava/lang/String;' @44  "org.lwjgl.opengl.GL11C"{0x000000071305f2c0} (e260be58)
 - private transient 'module' 'Ljava/lang/Module;' @48  a 'java/lang/Module'{0x000000071366b5b0} (e26cd6b6)
 - private final 'classLoader' 'Ljava/lang/ClassLoader;' @52  a 'jdk/internal/loader/ClassLoaders$AppClassLoader'{0x000000071366b3f0} (e26cd67e)
 - private transient 'classData' 'Ljava/lang/Object;' @56  NULL (0)
 - private transient 'packageName' 'Ljava/lang/String;' @60  "org.lwjgl.opengl"{0x00000007133b7878} (e2676f0f)
 - private final 'componentType' 'Ljava/lang/Class;' @64  NULL (0)
 - private volatile transient 'reflectionData' 'Ljava/lang/ref/SoftReference;' @68  NULL (0)
 - private volatile transient 'genericInfo' 'Lsun/reflect/generics/repository/ClassRepository;' @72  NULL (0)
 - private volatile transient 'enumConstants' '[Ljava/lang/Object;' @76  NULL (0)
 - private volatile transient 'enumConstantDirectory' 'Ljava/util/Map;' @80  NULL (0)
 - private volatile transient 'annotationData' 'Ljava/lang/Class$AnnotationData;' @84  NULL (0)
 - private volatile transient 'annotationType' 'Lsun/reflect/annotation/AnnotationType;' @88  NULL (0)
 - transient 'classValueMap' 'Ljava/lang/ClassValue$ClassValueMap;' @92  NULL (0)
 - abstract internal 'protection_domain' 'Ljava/lang/Object;' @96  a 'java/security/ProtectionDomain'{0x00000007133c3580} (e26786b0)
 - abstract internal 'signers_name' 'Ljava/lang/Object;' @100  NULL (0)
 - abstract internal 'source_file' 'Ljava/lang/Object;' @104  NULL (0)
 - signature: Lorg/lwjgl/opengl/GL11C;
 - ---- static fields (0):
 - public static final 'GL_NEVER' 'I' @112  512 (200)
 - public static final 'GL_LESS' 'I' @116  513 (201)
 - public static final 'GL_EQUAL' 'I' @120  514 (202)
 - public static final 'GL_LEQUAL' 'I' @124  515 (203)
 - public static final 'GL_GREATER' 'I' @128  516 (204)
 - public static final 'GL_NOTEQUAL' 'I' @132  517 (205)
 - public static final 'GL_GEQUAL' 'I' @136  518 (206)
 - public static final 'GL_ALWAYS' 'I' @140  519 (207)
 - public static final 'GL_DEPTH_BUFFER_BIT' 'I' @144  256 (100)
 - public static final 'GL_STENCIL_BUFFER_BIT' 'I' @148  1024 (400)
 - public static final 'GL_COLOR_BUFFER_BIT' 'I' @152  16384 (4000)
 - public static final 'GL_POINTS' 'I' @156  0
 - public static final 'GL_LINES' 'I' @160  1
 - public static final 'GL_LINE_LOOP' 'I' @164  2
 - public static final 'GL_LINE_STRIP' 'I' @168  3
 - public static final 'GL_TRIANGLES' 'I' @172  4
 - public static final 'GL_TRIANGLE_STRIP' 'I' @176  5
 - public static final 'GL_TRIANGLE_FAN' 'I' @180  6
 - public static final 'GL_QUADS' 'I' @184  7
 - public static final 'GL_ZERO' 'I' @188  0
 - public static final 'GL_ONE' 'I' @192  1
 - public static final 'GL_SRC_COLOR' 'I' @196  768 (300)
 - public static final 'GL_ONE_MINUS_SRC_COLOR' 'I' @200  769 (301)
 - public static final 'GL_SRC_ALPHA' 'I' @204  770 (302)
 - public static final 'GL_ONE_MINUS_SRC_ALPHA' 'I' @208  771 (303)
 - public static final 'GL_DST_ALPHA' 'I' @212  772 (304)
 - public static final 'GL_ONE_MINUS_DST_ALPHA' 'I' @216  773 (305)
 - public static final 'GL_DST_COLOR' 'I' @220  774 (306)
 - public static final 'GL_ONE_MINUS_DST_COLOR' 'I' @224  775 (307)
 - public static final 'GL_SRC_ALPHA_SATURATE' 'I' @228  776 (308)
 - public static final 'GL_TRUE' 'I' @232  1
 - public static final 'GL_FALSE' 'I' @236  0
 - public static final 'GL_BYTE' 'I' @240  5120 (1400)
 - public static final 'GL_UNSIGNED_BYTE' 'I' @244  5121 (1401)
 - public static final 'GL_SHORT' 'I' @248  5122 (1402)
 - public static final 'GL_UNSIGNED_SHORT' 'I' @252  5123 (1403)
 - public static final 'GL_INT' 'I' @256  5124 (1404)
 - public static final 'GL_UNSIGNED_INT' 'I' @260  5125 (1405)
 - public static final 'GL_FLOAT' 'I' @264  5126 (1406)
 - public static final 'GL_DOUBLE' 'I' @268  5130 (140a)
 - public static final 'GL_NONE' 'I' @272  0
 - public static final 'GL_FRONT_LEFT' 'I' @276  1024 (400)
 - public static final 'GL_FRONT_RIGHT' 'I' @280  1025 (401)
 - public static final 'GL_BACK_LEFT' 'I' @284  1026 (402)
 - public static final 'GL_BACK_RIGHT' 'I' @288  1027 (403)
 - public static final 'GL_FRONT' 'I' @292  1028 (404)
 - public static final 'GL_BACK' 'I' @296  1029 (405)
 - public static final 'GL_LEFT' 'I' @300  1030 (406)
 - public static final 'GL_RIGHT' 'I' @304  1031 (407)
 - public static final 'GL_FRONT_AND_BACK' 'I' @308  1032 (408)
 - public static final 'GL_NO_ERROR' 'I' @312  0
 - public static final 'GL_INVALID_ENUM' 'I' @316  1280 (500)
 - public static final 'GL_INVALID_VALUE' 'I' @320  1281 (501)
 - public static final 'GL_INVALID_OPERATION' 'I' @324  1282 (502)
 - public static final 'GL_STACK_OVERFLOW' 'I' @328  1283 (503)
 - public static final 'GL_STACK_UNDERFLOW' 'I' @332  1284 (504)
 - public static final 'GL_OUT_OF_MEMORY' 'I' @336  1285 (505)
 - public static final 'GL_CW' 'I' @340  2304 (900)
 - public static final 'GL_CCW' 'I' @344  2305 (901)
 - public static final 'GL_POINT_SIZE' 'I' @348  2833 (b11)
 - public static final 'GL_POINT_SIZE_RANGE' 'I' @352  2834 (b12)
 - public static final 'GL_POINT_SIZE_GRANULARITY' 'I' @356  2835 (b13)
 - public static final 'GL_LINE_SMOOTH' 'I' @360  2848 (b20)
 - public static final 'GL_LINE_WIDTH' 'I' @364  2849 (b21)
 - public static final 'GL_LINE_WIDTH_RANGE' 'I' @368  2850 (b22)
 - public static final 'GL_LINE_WIDTH_GRANULARITY' 'I' @372  2851 (b23)
 - public static final 'GL_POLYGON_MODE' 'I' @376  2880 (b40)
 - public static final 'GL_POLYGON_SMOOTH' 'I' @380  2881 (b41)
 - public static final 'GL_CULL_FACE' 'I' @384  2884 (b44)
 - public static final 'GL_CULL_FACE_MODE' 'I' @388  2885 (b45)
 - public static final 'GL_FRONT_FACE' 'I' @392  2886 (b46)
 - public static final 'GL_DEPTH_RANGE' 'I' @396  2928 (b70)
 - public static final 'GL_DEPTH_TEST' 'I' @400  2929 (b71)
 - public static final 'GL_DEPTH_WRITEMASK' 'I' @404  2930 (b72)
 - public static final 'GL_DEPTH_CLEAR_VALUE' 'I' @408  2931 (b73)
 - public static final 'GL_DEPTH_FUNC' 'I' @412  2932 (b74)
 - public static final 'GL_STENCIL_TEST' 'I' @416  2960 (b90)
 - public static final 'GL_STENCIL_CLEAR_VALUE' 'I' @420  2961 (b91)
 - public static final 'GL_STENCIL_FUNC' 'I' @424  2962 (b92)
 - public static final 'GL_STENCIL_VALUE_MASK' 'I' @428  2963 (b93)
 - public static final 'GL_STENCIL_FAIL' 'I' @432  2964 (b94)
 - public static final 'GL_STENCIL_PASS_DEPTH_FAIL' 'I' @436  2965 (b95)
 - public static final 'GL_STENCIL_PASS_DEPTH_PASS' 'I' @440  2966 (b96)
 - public static final 'GL_STENCIL_REF' 'I' @444  2967 (b97)
 - public static final 'GL_STENCIL_WRITEMASK' 'I' @448  2968 (b98)
 - public static final 'GL_VIEWPORT' 'I' @452  2978 (ba2)
 - public static final 'GL_DITHER' 'I' @456  3024 (bd0)
 - public static final 'GL_BLEND_DST' 'I' @460  3040 (be0)
 - public static final 'GL_BLEND_SRC' 'I' @464  3041 (be1)
 - public static final 'GL_BLEND' 'I' @468  3042 (be2)
 - public static final 'GL_LOGIC_OP_MODE' 'I' @472  3056 (bf0)
 - public static final 'GL_COLOR_LOGIC_OP' 'I' @476  3058 (bf2)
 - public static final 'GL_DRAW_BUFFER' 'I' @480  3073 (c01)
 - public static final 'GL_READ_BUFFER' 'I' @484  3074 (c02)
 - public static final 'GL_SCISSOR_BOX' 'I' @488  3088 (c10)
 - public static final 'GL_SCISSOR_TEST' 'I' @492  3089 (c11)
 - public static final 'GL_COLOR_CLEAR_VALUE' 'I' @496  3106 (c22)
 - public static final 'GL_COLOR_WRITEMASK' 'I' @500  3107 (c23)
 - public static final 'GL_DOUBLEBUFFER' 'I' @504  3122 (c32)
 - public static final 'GL_STEREO' 'I' @508  3123 (c33)
 - public static final 'GL_LINE_SMOOTH_HINT' 'I' @512  3154 (c52)
 - public static final 'GL_POLYGON_SMOOTH_HINT' 'I' @516  3155 (c53)
 - public static final 'GL_UNPACK_SWAP_BYTES' 'I' @520  3312 (cf0)
 - public static final 'GL_UNPACK_LSB_FIRST' 'I' @524  3313 (cf1)
 - public static final 'GL_UNPACK_ROW_LENGTH' 'I' @528  3314 (cf2)
 - public static final 'GL_UNPACK_SKIP_ROWS' 'I' @532  3315 (cf3)
 - public static final 'GL_UNPACK_SKIP_PIXELS' 'I' @536  3316 (cf4)
 - public static final 'GL_UNPACK_ALIGNMENT' 'I' @540  3317 (cf5)
 - public static final 'GL_PACK_SWAP_BYTES' 'I' @544  3328 (d00)
 - public static final 'GL_PACK_LSB_FIRST' 'I' @548  3329 (d01)
 - public static final 'GL_PACK_ROW_LENGTH' 'I' @552  3330 (d02)
 - public static final 'GL_PACK_SKIP_ROWS' 'I' @556  3331 (d03)
 - public static final 'GL_PACK_SKIP_PIXELS' 'I' @560  3332 (d04)
 - public static final 'GL_PACK_ALIGNMENT' 'I' @564  3333 (d05)
 - public static final 'GL_MAX_TEXTURE_SIZE' 'I' @568  3379 (d33)
 - public static final 'GL_MAX_VIEWPORT_DIMS' 'I' @572  3386 (d3a)
 - public static final 'GL_SUBPIXEL_BITS' 'I' @576  3408 (d50)
 - public static final 'GL_TEXTURE_1D' 'I' @580  3552 (de0)
 - public static final 'GL_TEXTURE_2D' 'I' @584  3553 (de1)
 - public static final 'GL_TEXTURE_WIDTH' 'I' @588  4096 (1000)
 - public static final 'GL_TEXTURE_HEIGHT' 'I' @592  4097 (1001)
 - public static final 'GL_TEXTURE_INTERNAL_FORMAT' 'I' @596  4099 (1003)
 - public static final 'GL_TEXTURE_BORDER_COLOR' 'I' @600  4100 (1004)
 - public static final 'GL_DONT_CARE' 'I' @604  4352 (1100)
 - public static final 'GL_FASTEST' 'I' @608  4353 (1101)
 - public static final 'GL_NICEST' 'I' @612  4354 (1102)
 - public static final 'GL_CLEAR' 'I' @616  5376 (1500)
 - public static final 'GL_AND' 'I' @620  5377 (1501)
 - public static final 'GL_AND_REVERSE' 'I' @624  5378 (1502)
 - public static final 'GL_COPY' 'I' @628  5379 (1503)
 - public static final 'GL_AND_INVERTED' 'I' @632  5380 (1504)
 - public static final 'GL_NOOP' 'I' @636  5381 (1505)
 - public static final 'GL_XOR' 'I' @640  5382 (1506)
 - public static final 'GL_OR' 'I' @644  5383 (1507)
 - public static final 'GL_NOR' 'I' @648  5384 (1508)
 - public static final 'GL_EQUIV' 'I' @652  5385 (1509)
 - public static final 'GL_INVERT' 'I' @656  5386 (150a)
 - public static final 'GL_OR_REVERSE' 'I' @660  5387 (150b)
 - public static final 'GL_COPY_INVERTED' 'I' @664  5388 (150c)
 - public static final 'GL_OR_INVERTED' 'I' @668  5389 (150d)
 - public static final 'GL_NAND' 'I' @672  5390 (150e)
 - public static final 'GL_SET' 'I' @676  5391 (150f)
 - public static final 'GL_TEXTURE' 'I' @680  5890 (1702)
 - public static final 'GL_COLOR' 'I' @684  6144 (1800)
 - public static final 'GL_DEPTH' 'I' @688  6145 (1801)
 - public static final 'GL_STENCIL' 'I' @692  6146 (1802)
 - public static final 'GL_STENCIL_INDEX' 'I' @696  6401 (1901)
 - public static final 'GL_DEPTH_COMPONENT' 'I' @700  6402 (1902)
 - public static final 'GL_RED' 'I' @704  6403 (1903)
 - public static final 'GL_GREEN' 'I' @708  6404 (1904)
 - public static final 'GL_BLUE' 'I' @712  6405 (1905)
 - public static final 'GL_ALPHA' 'I' @716  6406 (1906)
 - public static final 'GL_RGB' 'I' @720  6407 (1907)
 - public static final 'GL_RGBA' 'I' @724  6408 (1908)
 - public static final 'GL_POINT' 'I' @728  6912 (1b00)
 - public static final 'GL_LINE' 'I' @732  6913 (1b01)
 - public static final 'GL_FILL' 'I' @736  6914 (1b02)
 - public static final 'GL_KEEP' 'I' @740  7680 (1e00)
 - public static final 'GL_REPLACE' 'I' @744  7681 (1e01)
 - public static final 'GL_INCR' 'I' @748  7682 (1e02)
 - public static final 'GL_DECR' 'I' @752  7683 (1e03)
 - public static final 'GL_VENDOR' 'I' @756  7936 (1f00)
 - public static final 'GL_RENDERER' 'I' @760  7937 (1f01)
 - public static final 'GL_VERSION' 'I' @764  7938 (1f02)
 - public static final 'GL_EXTENSIONS' 'I' @768  7939 (1f03)
 - public static final 'GL_NEAREST' 'I' @772  9728 (2600)
 - public static final 'GL_LINEAR' 'I' @776  9729 (2601)
 - public static final 'GL_NEAREST_MIPMAP_NEAREST' 'I' @780  9984 (2700)
 - public static final 'GL_LINEAR_MIPMAP_NEAREST' 'I' @784  9985 (2701)
 - public static final 'GL_NEAREST_MIPMAP_LINEAR' 'I' @788  9986 (2702)
 - public static final 'GL_LINEAR_MIPMAP_LINEAR' 'I' @792  9987 (2703)
 - public static final 'GL_TEXTURE_MAG_FILTER' 'I' @796  10240 (2800)
 - public static final 'GL_TEXTURE_MIN_FILTER' 'I' @800  10241 (2801)
 - public static final 'GL_TEXTURE_WRAP_S' 'I' @804  10242 (2802)
 - public static final 'GL_TEXTURE_WRAP_T' 'I' @808  10243 (2803)
 - public static final 'GL_REPEAT' 'I' @812  10497 (2901)
 - public static final 'GL_POLYGON_OFFSET_FACTOR' 'I' @816  32824 (8038)
 - public static final 'GL_POLYGON_OFFSET_UNITS' 'I' @820  10752 (2a00)
 - public static final 'GL_POLYGON_OFFSET_POINT' 'I' @824  10753 (2a01)
 - public static final 'GL_POLYGON_OFFSET_LINE' 'I' @828  10754 (2a02)
 - public static final 'GL_POLYGON_OFFSET_FILL' 'I' @832  32823 (8037)
 - public static final 'GL_R3_G3_B2' 'I' @836  10768 (2a10)
 - public static final 'GL_RGB4' 'I' @840  32847 (804f)
 - public static final 'GL_RGB5' 'I' @844  32848 (8050)
 - public static final 'GL_RGB8' 'I' @848  32849 (8051)
 - public static final 'GL_RGB10' 'I' @852  32850 (8052)
 - public static final 'GL_RGB12' 'I' @856  32851 (8053)
 - public static final 'GL_RGB16' 'I' @860  32852 (8054)
 - public static final 'GL_RGBA2' 'I' @864  32853 (8055)
 - public static final 'GL_RGBA4' 'I' @868  32854 (8056)
 - public static final 'GL_RGB5_A1' 'I' @872  32855 (8057)
 - public static final 'GL_RGBA8' 'I' @876  32856 (8058)
 - public static final 'GL_RGB10_A2' 'I' @880  32857 (8059)
 - public static final 'GL_RGBA12' 'I' @884  32858 (805a)
 - public static final 'GL_RGBA16' 'I' @888  32859 (805b)
 - public static final 'GL_TEXTURE_RED_SIZE' 'I' @892  32860 (805c)
 - public static final 'GL_TEXTURE_GREEN_SIZE' 'I' @896  32861 (805d)
 - public static final 'GL_TEXTURE_BLUE_SIZE' 'I' @900  32862 (805e)
 - public static final 'GL_TEXTURE_ALPHA_SIZE' 'I' @904  32863 (805f)
 - public static final 'GL_PROXY_TEXTURE_1D' 'I' @908  32867 (8063)
 - public static final 'GL_PROXY_TEXTURE_2D' 'I' @912  32868 (8064)
 - public static final 'GL_TEXTURE_BINDING_1D' 'I' @916  32872 (8068)
 - public static final 'GL_TEXTURE_BINDING_2D' 'I' @920  32873 (8069)
 - public static final 'GL_VERTEX_ARRAY' 'I' @924  32884 (8074)
R12=0x0 is NULL
R13={method} {0x000001773393ab68} 'nglGenTextures' '(IJ)V' in 'org/lwjgl/opengl/GL11C'
R14=0x0000002db58ff168 is pointing into the stack for thread: 0x000001770e1f0240
R15=0x000001770e1f0240 is a thread


Registers:
RAX=0x0000017737693c10, RBX=0x000001773393ab60, RCX=0x0000000000000001, RDX=0x00000177377e7f4c
RSP=0x0000002db58ff0a8, RBP=0x0000002db58ff138, RSI=0x00000177377aac58, RDI=0x00000177173095cd
R8 =0x0000000000000001, R9 =0x00000177377e7f4c, R10=0x0000000000000000, R11=0x000000071305ef10
R12=0x0000000000000000, R13=0x000001773393ab60, R14=0x0000002db58ff168, R15=0x000001770e1f0240
RIP=0x00007ffd0364c64d, EFLAGS=0x0000000000010202

Top of Stack: (sp=0x0000002db58ff0a8)
0x0000002db58ff0a8:   000001771730d621 00000177173095cd
0x0000002db58ff0b8:   000001771730d33c 000001773393ab60
0x0000002db58ff0c8:   00000177377aac58 0000002db58ff0e8
0x0000002db58ff0d8:   0000002db58ff150 00000177173095cd
0x0000002db58ff0e8:   000001771730d2f6 0000002db58ff0f0
0x0000002db58ff0f8:   000001773393ab60 0000002db58ff168
0x0000002db58ff108:   0000017733946eb8 0000000000000000
0x0000002db58ff118:   000000071305ef10 000001773393ab60
0x0000002db58ff128:   0000000000000000 0000002db58ff158
0x0000002db58ff138:   0000002db58ff1b8 00000177173094fe
0x0000002db58ff148:   000000071305ef10 000001771730af78
0x0000002db58ff158:   00000177377e7f4c 0000000000000000
0x0000002db58ff168:   0000000000000001 0000002db58ff170
0x0000002db58ff178:   000001773393acd4 0000002db58ff1e8
0x0000002db58ff188:   0000017733946eb8 0000000000000000
0x0000002db58ff198:   000000071305ef10 000001773393ad40 

Instructions: (pc=0x00007ffd0364c64d)
0x00007ffd0364c54d:   cc cc cc 48 8b 01 41 0f b6 c8 48 8b 50 18 48 ff
0x00007ffd0364c55d:   a2 d0 01 00 00 cc cc cc cc cc cc cc cc cc cc cc
0x00007ffd0364c56d:   cc cc cc 48 8b 01 0f 28 cb 0f 28 c2 48 8b 48 18
0x00007ffd0364c57d:   48 ff a1 d8 01 00 00 cc cc cc cc cc cc cc cc cc
0x00007ffd0364c58d:   cc cc cc 48 8b 01 45 8b d8 44 8b 44 24 28 41 8b
0x00007ffd0364c59d:   d1 41 8b cb 4c 8b 50 18 49 ff a2 e8 01 00 00 cc
0x00007ffd0364c5ad:   cc cc cc 48 8b 01 41 8b c8 48 8b 50 18 48 ff a2
0x00007ffd0364c5bd:   f0 01 00 00 cc cc cc cc cc cc cc cc cc cc cc cc
0x00007ffd0364c5cd:   cc cc cc 40 53 48 8b 01 41 8b d8 44 8b 44 24 30
0x00007ffd0364c5dd:   41 8b d1 4c 8b 4c 24 38 8b cb 4c 8b 50 18 5b 49
0x00007ffd0364c5ed:   ff a2 f8 01 00 00 cc cc cc cc cc cc cc cc cc cc
0x00007ffd0364c5fd:   cc cc cc 48 8b 01 48 8b 48 18 48 ff a1 98 02 00
0x00007ffd0364c60d:   00 cc cc 48 8b 01 48 8b 48 18 48 ff a1 a0 02 00
0x00007ffd0364c61d:   00 cc cc 48 8b 01 41 8b c8 48 8b 50 18 48 ff a2
0x00007ffd0364c62d:   c8 02 00 00 cc cc cc cc cc cc cc cc cc cc cc cc
0x00007ffd0364c63d:   cc cc cc 48 8b 01 49 8b d1 41 8b c8 4c 8b 50 18
0x00007ffd0364c64d:   49 ff a2 d8 02 00 00 cc cc cc cc cc cc cc cc cc
0x00007ffd0364c65d:   cc cc cc 48 8b 01 49 8b d1 41 8b c8 4c 8b 50 18
0x00007ffd0364c66d:   49 ff a2 e0 02 00 00 cc cc cc cc cc cc cc cc cc
0x00007ffd0364c67d:   cc cc cc 48 8b 01 49 8b d1 41 8b c8 4c 8b 50 18
0x00007ffd0364c68d:   49 ff a2 f0 02 00 00 cc cc cc cc cc cc cc cc cc
0x00007ffd0364c69d:   cc cc cc 48 8b 01 49 8b d1 41 8b c8 4c 8b 50 18
0x00007ffd0364c6ad:   49 ff a2 f8 02 00 00 cc cc cc cc cc cc cc cc cc
0x00007ffd0364c6bd:   cc cc cc 48 8b 01 49 8b d1 41 8b c8 4c 8b 50 18
0x00007ffd0364c6cd:   49 ff a2 00 03 00 00 cc cc cc cc cc cc cc cc cc
0x00007ffd0364c6dd:   cc cc cc 48 8b 01 49 8b d1 41 8b c8 4c 8b 50 18
0x00007ffd0364c6ed:   49 ff a2 08 03 00 00 cc cc cc cc cc cc cc cc cc
0x00007ffd0364c6fd:   cc cc cc 48 8b 01 48 8b 48 18 48 8b 81 10 03 00
0x00007ffd0364c70d:   00 48 ff e0 cc cc cc cc cc cc cc cc cc cc cc cc
0x00007ffd0364c71d:   cc cc cc 48 8b 01 49 8b d1 41 8b c8 4c 8b 50 18
0x00007ffd0364c72d:   49 ff a2 68 03 00 00 cc cc cc cc cc cc cc cc cc
0x00007ffd0364c73d:   cc cc cc 48 8b 01 48 8b 48 18 48 8b 81 78 03 00 


Stack slot to memory mapping:
stack at sp + 0 slots: 0x000001771730d621 is at code_begin+993 in an Interpreter codelet
method entry point (kind = native)  [0x000001771730d240, 0x000001771730dbc0]  2432 bytes
stack at sp + 1 slots: 0x00000177173095cd is at code_begin+1325 in an Interpreter codelet
return entry points  [0x00000177173090a0, 0x0000017717309ba0]  2816 bytes
stack at sp + 2 slots: 0x000001771730d33c is at code_begin+252 in an Interpreter codelet
method entry point (kind = native)  [0x000001771730d240, 0x000001771730dbc0]  2432 bytes
stack at sp + 3 slots: {method} {0x000001773393ab68} 'nglGenTextures' '(IJ)V' in 'org/lwjgl/opengl/GL11C'
stack at sp + 4 slots: 0x00000177377aac58 points into unknown readable memory: 0x88002a00ba442d1c | 1c 2d 44 ba 00 2a 00 88
stack at sp + 5 slots: 0x0000002db58ff0e8 is pointing into the stack for thread: 0x000001770e1f0240
stack at sp + 6 slots: 0x0000002db58ff150 is pointing into the stack for thread: 0x000001770e1f0240
stack at sp + 7 slots: 0x00000177173095cd is at code_begin+1325 in an Interpreter codelet
return entry points  [0x00000177173090a0, 0x0000017717309ba0]  2816 bytes


---------------  P R O C E S S  ---------------

Threads class SMR info:
_java_thread_list=0x000001770e274560, length=13, elements={
0x000001770e1f0240, 0x000001773323c8c0, 0x000001773323d520, 0x0000017733255d00,
0x00000177332576b0, 0x0000017733258190, 0x0000017733260b40, 0x000001773328b530,
0x000001773328cf20, 0x00000177332980e0, 0x00000177374b2e40, 0x00000177376411e0,
0x00000177376416a0
}

Java Threads: ( => current thread )
=>0x000001770e1f0240 JavaThread "main" [_thread_in_native, id=37980, stack(0x0000002db5800000,0x0000002db5900000)]
  0x000001773323c8c0 JavaThread "Reference Handler" daemon [_thread_blocked, id=12048, stack(0x0000002db5f00000,0x0000002db6000000)]
  0x000001773323d520 JavaThread "Finalizer" daemon [_thread_blocked, id=29864, stack(0x0000002db6000000,0x0000002db6100000)]
  0x0000017733255d00 JavaThread "Signal Dispatcher" daemon [_thread_blocked, id=38664, stack(0x0000002db6100000,0x0000002db6200000)]
  0x00000177332576b0 JavaThread "Attach Listener" daemon [_thread_blocked, id=36416, stack(0x0000002db6200000,0x0000002db6300000)]
  0x0000017733258190 JavaThread "Service Thread" daemon [_thread_blocked, id=9952, stack(0x0000002db6300000,0x0000002db6400000)]
  0x0000017733260b40 JavaThread "Monitor Deflation Thread" daemon [_thread_blocked, id=11308, stack(0x0000002db6400000,0x0000002db6500000)]
  0x000001773328b530 JavaThread "C2 CompilerThread0" daemon [_thread_blocked, id=16324, stack(0x0000002db6500000,0x0000002db6600000)]
  0x000001773328cf20 JavaThread "C1 CompilerThread0" daemon [_thread_blocked, id=26540, stack(0x0000002db6600000,0x0000002db6700000)]
  0x00000177332980e0 JavaThread "Sweeper thread" daemon [_thread_blocked, id=11320, stack(0x0000002db6700000,0x0000002db6800000)]
  0x00000177374b2e40 JavaThread "Common-Cleaner" daemon [_thread_blocked, id=35892, stack(0x0000002db6800000,0x0000002db6900000)]
  0x00000177376411e0 JavaThread "Monitor Ctrl-Break" daemon [_thread_in_native, id=29860, stack(0x0000002db6900000,0x0000002db6a00000)]
  0x00000177376416a0 JavaThread "Notification Thread" daemon [_thread_blocked, id=30828, stack(0x0000002db6a00000,0x0000002db6b00000)]

Other Threads:
  0x00000177332388b0 VMThread "VM Thread" [stack: 0x0000002db5e00000,0x0000002db5f00000] [id=43944]
  0x0000017737596790 WatcherThread "VM Periodic Task Thread" [stack: 0x0000002db6b00000,0x0000002db6c00000] [id=5404]
  0x000001770e25fd10 WorkerThread "GC Thread#0" [stack: 0x0000002db5900000,0x0000002db5a00000] [id=28436]
  0x000001770e270890 ConcurrentGCThread "G1 Main Marker" [stack: 0x0000002db5a00000,0x0000002db5b00000] [id=28084]
  0x000001770e274a40 WorkerThread "G1 Conc#0" [stack: 0x0000002db5b00000,0x0000002db5c00000] [id=37300]
  0x00000177330f2130 ConcurrentGCThread "G1 Refine#0" [stack: 0x0000002db5c00000,0x0000002db5d00000] [id=37076]
  0x00000177330f2a40 ConcurrentGCThread "G1 Service" [stack: 0x0000002db5d00000,0x0000002db5e00000] [id=42752]

Threads with active compile tasks:

VM state: not at safepoint (normal execution)

VM Mutex/Monitor currently owned by a thread: None

Heap address: 0x0000000703a00000, size: 4038 MB, Compressed Oops mode: Zero based, Oop shift amount: 3

CDS archive(s) mapped at: [0x0000000800000000-0x0000000800ba0000-0x0000000800ba0000), size 12189696, SharedBaseAddress: 0x0000000800000000, ArchiveRelocationMode: 0.
Compressed class space mapped at: 0x0000000800c00000-0x0000000840c00000, reserved size: 1073741824
Narrow klass base: 0x0000000800000000, Narrow klass shift: 0, Narrow klass range: 0x100000000

GC Precious Log:
 CardTable entry size: 512
 Card Set container configuration: InlinePtr #cards 4 size 8 Array Of Cards #cards 16 size 48 Howl #buckets 8 coarsen threshold 3686 Howl Bitmap #cards 512 size 80 coarsen threshold 460 Card regions per heap region 1 cards per card region 4096
 CPUs: 12 total, 12 available
 Memory: 16145M
 Large Page Support: Disabled
 NUMA Support: Disabled
 Compressed Oops: Enabled (Zero based)
 Heap Region Size: 2M
 Heap Min Capacity: 8M
 Heap Initial Capacity: 254M
 Heap Max Capacity: 4038M
 Pre-touch: Disabled
 Parallel Workers: 10
 Concurrent Workers: 3
 Concurrent Refinement Workers: 10
 Periodic GC: Disabled

Heap:
 garbage-first heap   total 260096K, used 4096K [0x0000000703a00000, 0x0000000800000000)
  region size 2048K, 4 young (8192K), 0 survivors (0K)
 Metaspace       used 2793K, committed 2944K, reserved 1114112K
  class space    used 184K, committed 256K, reserved 1048576K

Heap Regions: E=young(eden), S=young(survivor), O=old, HS=humongous(starts), HC=humongous(continues), CS=collection set, F=free, OA=open archive, CA=closed archive, TAMS=top-at-mark-start (previous, next)
|   0|0x0000000703a00000, 0x0000000703a00000, 0x0000000703c00000|  0%| F|  |TAMS 0x0000000703a00000, 0x0000000703a00000| Untracked 
|   1|0x0000000703c00000, 0x0000000703c00000, 0x0000000703e00000|  0%| F|  |TAMS 0x0000000703c00000, 0x0000000703c00000| Untracked 
|   2|0x0000000703e00000, 0x0000000703e00000, 0x0000000704000000|  0%| F|  |TAMS 0x0000000703e00000, 0x0000000703e00000| Untracked 
|   3|0x0000000704000000, 0x0000000704000000, 0x0000000704200000|  0%| F|  |TAMS 0x0000000704000000, 0x0000000704000000| Untracked 
|   4|0x0000000704200000, 0x0000000704200000, 0x0000000704400000|  0%| F|  |TAMS 0x0000000704200000, 0x0000000704200000| Untracked 
|   5|0x0000000704400000, 0x0000000704400000, 0x0000000704600000|  0%| F|  |TAMS 0x0000000704400000, 0x0000000704400000| Untracked 
|   6|0x0000000704600000, 0x0000000704600000, 0x0000000704800000|  0%| F|  |TAMS 0x0000000704600000, 0x0000000704600000| Untracked 
|   7|0x0000000704800000, 0x0000000704800000, 0x0000000704a00000|  0%| F|  |TAMS 0x0000000704800000, 0x0000000704800000| Untracked 
|   8|0x0000000704a00000, 0x0000000704a00000, 0x0000000704c00000|  0%| F|  |TAMS 0x0000000704a00000, 0x0000000704a00000| Untracked 
|   9|0x0000000704c00000, 0x0000000704c00000, 0x0000000704e00000|  0%| F|  |TAMS 0x0000000704c00000, 0x0000000704c00000| Untracked 
|  10|0x0000000704e00000, 0x0000000704e00000, 0x0000000705000000|  0%| F|  |TAMS 0x0000000704e00000, 0x0000000704e00000| Untracked 
|  11|0x0000000705000000, 0x0000000705000000, 0x0000000705200000|  0%| F|  |TAMS 0x0000000705000000, 0x0000000705000000| Untracked 
|  12|0x0000000705200000, 0x0000000705200000, 0x0000000705400000|  0%| F|  |TAMS 0x0000000705200000, 0x0000000705200000| Untracked 
|  13|0x0000000705400000, 0x0000000705400000, 0x0000000705600000|  0%| F|  |TAMS 0x0000000705400000, 0x0000000705400000| Untracked 
|  14|0x0000000705600000, 0x0000000705600000, 0x0000000705800000|  0%| F|  |TAMS 0x0000000705600000, 0x0000000705600000| Untracked 
|  15|0x0000000705800000, 0x0000000705800000, 0x0000000705a00000|  0%| F|  |TAMS 0x0000000705800000, 0x0000000705800000| Untracked 
|  16|0x0000000705a00000, 0x0000000705a00000, 0x0000000705c00000|  0%| F|  |TAMS 0x0000000705a00000, 0x0000000705a00000| Untracked 
|  17|0x0000000705c00000, 0x0000000705c00000, 0x0000000705e00000|  0%| F|  |TAMS 0x0000000705c00000, 0x0000000705c00000| Untracked 
|  18|0x0000000705e00000, 0x0000000705e00000, 0x0000000706000000|  0%| F|  |TAMS 0x0000000705e00000, 0x0000000705e00000| Untracked 
|  19|0x0000000706000000, 0x0000000706000000, 0x0000000706200000|  0%| F|  |TAMS 0x0000000706000000, 0x0000000706000000| Untracked 
|  20|0x0000000706200000, 0x0000000706200000, 0x0000000706400000|  0%| F|  |TAMS 0x0000000706200000, 0x0000000706200000| Untracked 
|  21|0x0000000706400000, 0x0000000706400000, 0x0000000706600000|  0%| F|  |TAMS 0x0000000706400000, 0x0000000706400000| Untracked 
|  22|0x0000000706600000, 0x0000000706600000, 0x0000000706800000|  0%| F|  |TAMS 0x0000000706600000, 0x0000000706600000| Untracked 
|  23|0x0000000706800000, 0x0000000706800000, 0x0000000706a00000|  0%| F|  |TAMS 0x0000000706800000, 0x0000000706800000| Untracked 
|  24|0x0000000706a00000, 0x0000000706a00000, 0x0000000706c00000|  0%| F|  |TAMS 0x0000000706a00000, 0x0000000706a00000| Untracked 
|  25|0x0000000706c00000, 0x0000000706c00000, 0x0000000706e00000|  0%| F|  |TAMS 0x0000000706c00000, 0x0000000706c00000| Untracked 
|  26|0x0000000706e00000, 0x0000000706e00000, 0x0000000707000000|  0%| F|  |TAMS 0x0000000706e00000, 0x0000000706e00000| Untracked 
|  27|0x0000000707000000, 0x0000000707000000, 0x0000000707200000|  0%| F|  |TAMS 0x0000000707000000, 0x0000000707000000| Untracked 
|  28|0x0000000707200000, 0x0000000707200000, 0x0000000707400000|  0%| F|  |TAMS 0x0000000707200000, 0x0000000707200000| Untracked 
|  29|0x0000000707400000, 0x0000000707400000, 0x0000000707600000|  0%| F|  |TAMS 0x0000000707400000, 0x0000000707400000| Untracked 
|  30|0x0000000707600000, 0x0000000707600000, 0x0000000707800000|  0%| F|  |TAMS 0x0000000707600000, 0x0000000707600000| Untracked 
|  31|0x0000000707800000, 0x0000000707800000, 0x0000000707a00000|  0%| F|  |TAMS 0x0000000707800000, 0x0000000707800000| Untracked 
|  32|0x0000000707a00000, 0x0000000707a00000, 0x0000000707c00000|  0%| F|  |TAMS 0x0000000707a00000, 0x0000000707a00000| Untracked 
|  33|0x0000000707c00000, 0x0000000707c00000, 0x0000000707e00000|  0%| F|  |TAMS 0x0000000707c00000, 0x0000000707c00000| Untracked 
|  34|0x0000000707e00000, 0x0000000707e00000, 0x0000000708000000|  0%| F|  |TAMS 0x0000000707e00000, 0x0000000707e00000| Untracked 
|  35|0x0000000708000000, 0x0000000708000000, 0x0000000708200000|  0%| F|  |TAMS 0x0000000708000000, 0x0000000708000000| Untracked 
|  36|0x0000000708200000, 0x0000000708200000, 0x0000000708400000|  0%| F|  |TAMS 0x0000000708200000, 0x0000000708200000| Untracked 
|  37|0x0000000708400000, 0x0000000708400000, 0x0000000708600000|  0%| F|  |TAMS 0x0000000708400000, 0x0000000708400000| Untracked 
|  38|0x0000000708600000, 0x0000000708600000, 0x0000000708800000|  0%| F|  |TAMS 0x0000000708600000, 0x0000000708600000| Untracked 
|  39|0x0000000708800000, 0x0000000708800000, 0x0000000708a00000|  0%| F|  |TAMS 0x0000000708800000, 0x0000000708800000| Untracked 
|  40|0x0000000708a00000, 0x0000000708a00000, 0x0000000708c00000|  0%| F|  |TAMS 0x0000000708a00000, 0x0000000708a00000| Untracked 
|  41|0x0000000708c00000, 0x0000000708c00000, 0x0000000708e00000|  0%| F|  |TAMS 0x0000000708c00000, 0x0000000708c00000| Untracked 
|  42|0x0000000708e00000, 0x0000000708e00000, 0x0000000709000000|  0%| F|  |TAMS 0x0000000708e00000, 0x0000000708e00000| Untracked 
|  43|0x0000000709000000, 0x0000000709000000, 0x0000000709200000|  0%| F|  |TAMS 0x0000000709000000, 0x0000000709000000| Untracked 
|  44|0x0000000709200000, 0x0000000709200000, 0x0000000709400000|  0%| F|  |TAMS 0x0000000709200000, 0x0000000709200000| Untracked 
|  45|0x0000000709400000, 0x0000000709400000, 0x0000000709600000|  0%| F|  |TAMS 0x0000000709400000, 0x0000000709400000| Untracked 
|  46|0x0000000709600000, 0x0000000709600000, 0x0000000709800000|  0%| F|  |TAMS 0x0000000709600000, 0x0000000709600000| Untracked 
|  47|0x0000000709800000, 0x0000000709800000, 0x0000000709a00000|  0%| F|  |TAMS 0x0000000709800000, 0x0000000709800000| Untracked 
|  48|0x0000000709a00000, 0x0000000709a00000, 0x0000000709c00000|  0%| F|  |TAMS 0x0000000709a00000, 0x0000000709a00000| Untracked 
|  49|0x0000000709c00000, 0x0000000709c00000, 0x0000000709e00000|  0%| F|  |TAMS 0x0000000709c00000, 0x0000000709c00000| Untracked 
|  50|0x0000000709e00000, 0x0000000709e00000, 0x000000070a000000|  0%| F|  |TAMS 0x0000000709e00000, 0x0000000709e00000| Untracked 
|  51|0x000000070a000000, 0x000000070a000000, 0x000000070a200000|  0%| F|  |TAMS 0x000000070a000000, 0x000000070a000000| Untracked 
|  52|0x000000070a200000, 0x000000070a200000, 0x000000070a400000|  0%| F|  |TAMS 0x000000070a200000, 0x000000070a200000| Untracked 
|  53|0x000000070a400000, 0x000000070a400000, 0x000000070a600000|  0%| F|  |TAMS 0x000000070a400000, 0x000000070a400000| Untracked 
|  54|0x000000070a600000, 0x000000070a600000, 0x000000070a800000|  0%| F|  |TAMS 0x000000070a600000, 0x000000070a600000| Untracked 
|  55|0x000000070a800000, 0x000000070a800000, 0x000000070aa00000|  0%| F|  |TAMS 0x000000070a800000, 0x000000070a800000| Untracked 
|  56|0x000000070aa00000, 0x000000070aa00000, 0x000000070ac00000|  0%| F|  |TAMS 0x000000070aa00000, 0x000000070aa00000| Untracked 
|  57|0x000000070ac00000, 0x000000070ac00000, 0x000000070ae00000|  0%| F|  |TAMS 0x000000070ac00000, 0x000000070ac00000| Untracked 
|  58|0x000000070ae00000, 0x000000070ae00000, 0x000000070b000000|  0%| F|  |TAMS 0x000000070ae00000, 0x000000070ae00000| Untracked 
|  59|0x000000070b000000, 0x000000070b000000, 0x000000070b200000|  0%| F|  |TAMS 0x000000070b000000, 0x000000070b000000| Untracked 
|  60|0x000000070b200000, 0x000000070b200000, 0x000000070b400000|  0%| F|  |TAMS 0x000000070b200000, 0x000000070b200000| Untracked 
|  61|0x000000070b400000, 0x000000070b400000, 0x000000070b600000|  0%| F|  |TAMS 0x000000070b400000, 0x000000070b400000| Untracked 
|  62|0x000000070b600000, 0x000000070b600000, 0x000000070b800000|  0%| F|  |TAMS 0x000000070b600000, 0x000000070b600000| Untracked 
|  63|0x000000070b800000, 0x000000070b800000, 0x000000070ba00000|  0%| F|  |TAMS 0x000000070b800000, 0x000000070b800000| Untracked 
|  64|0x000000070ba00000, 0x000000070ba00000, 0x000000070bc00000|  0%| F|  |TAMS 0x000000070ba00000, 0x000000070ba00000| Untracked 
|  65|0x000000070bc00000, 0x000000070bc00000, 0x000000070be00000|  0%| F|  |TAMS 0x000000070bc00000, 0x000000070bc00000| Untracked 
|  66|0x000000070be00000, 0x000000070be00000, 0x000000070c000000|  0%| F|  |TAMS 0x000000070be00000, 0x000000070be00000| Untracked 
|  67|0x000000070c000000, 0x000000070c000000, 0x000000070c200000|  0%| F|  |TAMS 0x000000070c000000, 0x000000070c000000| Untracked 
|  68|0x000000070c200000, 0x000000070c200000, 0x000000070c400000|  0%| F|  |TAMS 0x000000070c200000, 0x000000070c200000| Untracked 
|  69|0x000000070c400000, 0x000000070c400000, 0x000000070c600000|  0%| F|  |TAMS 0x000000070c400000, 0x000000070c400000| Untracked 
|  70|0x000000070c600000, 0x000000070c600000, 0x000000070c800000|  0%| F|  |TAMS 0x000000070c600000, 0x000000070c600000| Untracked 
|  71|0x000000070c800000, 0x000000070c800000, 0x000000070ca00000|  0%| F|  |TAMS 0x000000070c800000, 0x000000070c800000| Untracked 
|  72|0x000000070ca00000, 0x000000070ca00000, 0x000000070cc00000|  0%| F|  |TAMS 0x000000070ca00000, 0x000000070ca00000| Untracked 
|  73|0x000000070cc00000, 0x000000070cc00000, 0x000000070ce00000|  0%| F|  |TAMS 0x000000070cc00000, 0x000000070cc00000| Untracked 
|  74|0x000000070ce00000, 0x000000070ce00000, 0x000000070d000000|  0%| F|  |TAMS 0x000000070ce00000, 0x000000070ce00000| Untracked 
|  75|0x000000070d000000, 0x000000070d000000, 0x000000070d200000|  0%| F|  |TAMS 0x000000070d000000, 0x000000070d000000| Untracked 
|  76|0x000000070d200000, 0x000000070d200000, 0x000000070d400000|  0%| F|  |TAMS 0x000000070d200000, 0x000000070d200000| Untracked 
|  77|0x000000070d400000, 0x000000070d400000, 0x000000070d600000|  0%| F|  |TAMS 0x000000070d400000, 0x000000070d400000| Untracked 
|  78|0x000000070d600000, 0x000000070d600000, 0x000000070d800000|  0%| F|  |TAMS 0x000000070d600000, 0x000000070d600000| Untracked 
|  79|0x000000070d800000, 0x000000070d800000, 0x000000070da00000|  0%| F|  |TAMS 0x000000070d800000, 0x000000070d800000| Untracked 
|  80|0x000000070da00000, 0x000000070da00000, 0x000000070dc00000|  0%| F|  |TAMS 0x000000070da00000, 0x000000070da00000| Untracked 
|  81|0x000000070dc00000, 0x000000070dc00000, 0x000000070de00000|  0%| F|  |TAMS 0x000000070dc00000, 0x000000070dc00000| Untracked 
|  82|0x000000070de00000, 0x000000070de00000, 0x000000070e000000|  0%| F|  |TAMS 0x000000070de00000, 0x000000070de00000| Untracked 
|  83|0x000000070e000000, 0x000000070e000000, 0x000000070e200000|  0%| F|  |TAMS 0x000000070e000000, 0x000000070e000000| Untracked 
|  84|0x000000070e200000, 0x000000070e200000, 0x000000070e400000|  0%| F|  |TAMS 0x000000070e200000, 0x000000070e200000| Untracked 
|  85|0x000000070e400000, 0x000000070e400000, 0x000000070e600000|  0%| F|  |TAMS 0x000000070e400000, 0x000000070e400000| Untracked 
|  86|0x000000070e600000, 0x000000070e600000, 0x000000070e800000|  0%| F|  |TAMS 0x000000070e600000, 0x000000070e600000| Untracked 
|  87|0x000000070e800000, 0x000000070e800000, 0x000000070ea00000|  0%| F|  |TAMS 0x000000070e800000, 0x000000070e800000| Untracked 
|  88|0x000000070ea00000, 0x000000070ea00000, 0x000000070ec00000|  0%| F|  |TAMS 0x000000070ea00000, 0x000000070ea00000| Untracked 
|  89|0x000000070ec00000, 0x000000070ec00000, 0x000000070ee00000|  0%| F|  |TAMS 0x000000070ec00000, 0x000000070ec00000| Untracked 
|  90|0x000000070ee00000, 0x000000070ee00000, 0x000000070f000000|  0%| F|  |TAMS 0x000000070ee00000, 0x000000070ee00000| Untracked 
|  91|0x000000070f000000, 0x000000070f000000, 0x000000070f200000|  0%| F|  |TAMS 0x000000070f000000, 0x000000070f000000| Untracked 
|  92|0x000000070f200000, 0x000000070f200000, 0x000000070f400000|  0%| F|  |TAMS 0x000000070f200000, 0x000000070f200000| Untracked 
|  93|0x000000070f400000, 0x000000070f400000, 0x000000070f600000|  0%| F|  |TAMS 0x000000070f400000, 0x000000070f400000| Untracked 
|  94|0x000000070f600000, 0x000000070f600000, 0x000000070f800000|  0%| F|  |TAMS 0x000000070f600000, 0x000000070f600000| Untracked 
|  95|0x000000070f800000, 0x000000070f800000, 0x000000070fa00000|  0%| F|  |TAMS 0x000000070f800000, 0x000000070f800000| Untracked 
|  96|0x000000070fa00000, 0x000000070fa00000, 0x000000070fc00000|  0%| F|  |TAMS 0x000000070fa00000, 0x000000070fa00000| Untracked 
|  97|0x000000070fc00000, 0x000000070fc00000, 0x000000070fe00000|  0%| F|  |TAMS 0x000000070fc00000, 0x000000070fc00000| Untracked 
|  98|0x000000070fe00000, 0x000000070fe00000, 0x0000000710000000|  0%| F|  |TAMS 0x000000070fe00000, 0x000000070fe00000| Untracked 
|  99|0x0000000710000000, 0x0000000710000000, 0x0000000710200000|  0%| F|  |TAMS 0x0000000710000000, 0x0000000710000000| Untracked 
| 100|0x0000000710200000, 0x0000000710200000, 0x0000000710400000|  0%| F|  |TAMS 0x0000000710200000, 0x0000000710200000| Untracked 
| 101|0x0000000710400000, 0x0000000710400000, 0x0000000710600000|  0%| F|  |TAMS 0x0000000710400000, 0x0000000710400000| Untracked 
| 102|0x0000000710600000, 0x0000000710600000, 0x0000000710800000|  0%| F|  |TAMS 0x0000000710600000, 0x0000000710600000| Untracked 
| 103|0x0000000710800000, 0x0000000710800000, 0x0000000710a00000|  0%| F|  |TAMS 0x0000000710800000, 0x0000000710800000| Untracked 
| 104|0x0000000710a00000, 0x0000000710a00000, 0x0000000710c00000|  0%| F|  |TAMS 0x0000000710a00000, 0x0000000710a00000| Untracked 
| 105|0x0000000710c00000, 0x0000000710c00000, 0x0000000710e00000|  0%| F|  |TAMS 0x0000000710c00000, 0x0000000710c00000| Untracked 
| 106|0x0000000710e00000, 0x0000000710e00000, 0x0000000711000000|  0%| F|  |TAMS 0x0000000710e00000, 0x0000000710e00000| Untracked 
| 107|0x0000000711000000, 0x0000000711000000, 0x0000000711200000|  0%| F|  |TAMS 0x0000000711000000, 0x0000000711000000| Untracked 
| 108|0x0000000711200000, 0x0000000711200000, 0x0000000711400000|  0%| F|  |TAMS 0x0000000711200000, 0x0000000711200000| Untracked 
| 109|0x0000000711400000, 0x0000000711400000, 0x0000000711600000|  0%| F|  |TAMS 0x0000000711400000, 0x0000000711400000| Untracked 
| 110|0x0000000711600000, 0x0000000711600000, 0x0000000711800000|  0%| F|  |TAMS 0x0000000711600000, 0x0000000711600000| Untracked 
| 111|0x0000000711800000, 0x0000000711800000, 0x0000000711a00000|  0%| F|  |TAMS 0x0000000711800000, 0x0000000711800000| Untracked 
| 112|0x0000000711a00000, 0x0000000711a00000, 0x0000000711c00000|  0%| F|  |TAMS 0x0000000711a00000, 0x0000000711a00000| Untracked 
| 113|0x0000000711c00000, 0x0000000711c00000, 0x0000000711e00000|  0%| F|  |TAMS 0x0000000711c00000, 0x0000000711c00000| Untracked 
| 114|0x0000000711e00000, 0x0000000711e00000, 0x0000000712000000|  0%| F|  |TAMS 0x0000000711e00000, 0x0000000711e00000| Untracked 
| 115|0x0000000712000000, 0x0000000712000000, 0x0000000712200000|  0%| F|  |TAMS 0x0000000712000000, 0x0000000712000000| Untracked 
| 116|0x0000000712200000, 0x0000000712200000, 0x0000000712400000|  0%| F|  |TAMS 0x0000000712200000, 0x0000000712200000| Untracked 
| 117|0x0000000712400000, 0x0000000712400000, 0x0000000712600000|  0%| F|  |TAMS 0x0000000712400000, 0x0000000712400000| Untracked 
| 118|0x0000000712600000, 0x0000000712600000, 0x0000000712800000|  0%| F|  |TAMS 0x0000000712600000, 0x0000000712600000| Untracked 
| 119|0x0000000712800000, 0x0000000712800000, 0x0000000712a00000|  0%| F|  |TAMS 0x0000000712800000, 0x0000000712800000| Untracked 
| 120|0x0000000712a00000, 0x0000000712a00000, 0x0000000712c00000|  0%| F|  |TAMS 0x0000000712a00000, 0x0000000712a00000| Untracked 
| 121|0x0000000712c00000, 0x0000000712c00000, 0x0000000712e00000|  0%| F|  |TAMS 0x0000000712c00000, 0x0000000712c00000| Untracked 
| 122|0x0000000712e00000, 0x0000000712e00000, 0x0000000713000000|  0%| F|  |TAMS 0x0000000712e00000, 0x0000000712e00000| Untracked 
| 123|0x0000000713000000, 0x000000071308d198, 0x0000000713200000| 27%| E|  |TAMS 0x0000000713000000, 0x0000000713000000| Complete 
| 124|0x0000000713200000, 0x0000000713400000, 0x0000000713400000|100%| E|  |TAMS 0x0000000713200000, 0x0000000713200000| Complete 
| 125|0x0000000713400000, 0x0000000713600000, 0x0000000713600000|100%| E|CS|TAMS 0x0000000713400000, 0x0000000713400000| Complete 
| 126|0x0000000713600000, 0x0000000713800000, 0x0000000713800000|100%| E|CS|TAMS 0x0000000713600000, 0x0000000713600000| Complete 

Card table byte_map: [0x0000017727780000,0x0000017727f70000] _byte_map_base: 0x0000017723f63000

Marking Bits (Prev, Next): (CMBitMap*) 0x000001770e260310, (CMBitMap*) 0x000001770e260350
 Prev Bits: [0x0000017728760000, 0x000001772c678000)
 Next Bits: [0x000001772c680000, 0x0000017730598000)

Polling page: 0x000001770e2c0000

Metaspace:

Usage:
  Non-class:      2.55 MB used.
      Class:    184.13 KB used.
       Both:      2.73 MB used.

Virtual space:
  Non-class space:       64.00 MB reserved,       2.62 MB (  4%) committed,  1 nodes.
      Class space:        1.00 GB reserved,     256.00 KB ( <1%) committed,  1 nodes.
             Both:        1.06 GB reserved,       2.88 MB ( <1%) committed. 

Chunk freelists:
   Non-Class:  2.69 MB
       Class:  3.64 MB
        Both:  6.33 MB

MaxMetaspaceSize: unlimited
CompressedClassSpaceSize: 1.00 GB
Initial GC threshold: 21.00 MB
Current GC threshold: 21.00 MB
CDS: on
MetaspaceReclaimPolicy: balanced
 - commit_granule_bytes: 65536.
 - commit_granule_words: 8192.
 - virtual_space_node_default_size: 8388608.
 - enlarge_chunks_in_place: 1.
 - new_chunks_are_fully_committed: 0.
 - uncommit_free_chunks: 1.
 - use_allocation_guard: 0.


Internal statistics:

num_allocs_failed_limit: 0.
num_arena_births: 80.
num_arena_deaths: 0.
num_vsnodes_births: 2.
num_vsnodes_deaths: 0.
num_space_committed: 46.
num_space_uncommitted: 0.
num_chunks_returned_to_freelist: 0.
num_chunks_taken_from_freelist: 154.
num_chunk_merges: 0.
num_chunk_splits: 97.
num_chunks_enlarged: 65.
num_inconsistent_stats: 0.

CodeHeap 'non-profiled nmethods': size=120000Kb used=167Kb max_used=167Kb free=119832Kb
 bounds [0x000001771edd0000, 0x000001771f040000, 0x0000017726300000]
CodeHeap 'profiled nmethods': size=120000Kb used=724Kb max_used=724Kb free=119275Kb
 bounds [0x00000177178a0000, 0x0000017717b10000, 0x000001771edd0000]
CodeHeap 'non-nmethods': size=5760Kb used=1579Kb max_used=1594Kb free=4180Kb
 bounds [0x0000017717300000, 0x0000017717570000, 0x00000177178a0000]
 total_blobs=1521 nmethods=529 adapters=905
 compilation: enabled
              stopped_count=0, restarted_count=0
 full_count=0

Compilation events (20 events):
Event: 0.397 Thread 0x000001773328cf20  519       3       jdk.internal.jimage.ImageLocation::verify (218 bytes)
Event: 0.398 Thread 0x000001773328cf20 nmethod 519 0x0000017717951410 code [0x00000177179516c0, 0x0000017717952438]
Event: 0.398 Thread 0x000001773328cf20  520       3       java.util.jar.JarFile::getVersionedEntry (133 bytes)
Event: 0.399 Thread 0x000001773328cf20 nmethod 520 0x0000017717952990 code [0x0000017717952c60, 0x0000017717953a58]
Event: 0.399 Thread 0x000001773328cf20  518       3       jdk.internal.jimage.ImageStringsReader::hashCode (8 bytes)
Event: 0.399 Thread 0x000001773328cf20 nmethod 518 0x0000017717954010 code [0x00000177179541c0, 0x0000017717954378]
Event: 0.400 Thread 0x000001773328cf20  521       1       java.lang.NamedPackage::module (5 bytes)
Event: 0.400 Thread 0x000001773328cf20 nmethod 521 0x000001771edf8d10 code [0x000001771edf8ea0, 0x000001771edf8f78]
Event: 0.400 Thread 0x000001773328cf20  523       3       sun.misc.Unsafe::putLong (11 bytes)
Event: 0.400 Thread 0x000001773328b530  525       4       java.lang.Integer::toUnsignedLong (7 bytes)
Event: 0.400 Thread 0x000001773328cf20 nmethod 523 0x0000017717954490 code [0x0000017717954620, 0x0000017717954738]
Event: 0.400 Thread 0x000001773328cf20  524       3       org.lwjgl.system.MemoryUtil::memPutAddress (29 bytes)
Event: 0.400 Thread 0x000001773328b530 nmethod 525 0x000001771edf9410 code [0x000001771edf9580, 0x000001771edf95d8]
Event: 0.400 Thread 0x000001773328b530  526       4       sun.misc.Unsafe::putLong (11 bytes)
Event: 0.400 Thread 0x000001773328cf20 nmethod 524 0x0000017717954810 code [0x00000177179549c0, 0x0000017717954bb8]
Event: 0.401 Thread 0x000001773328b530 nmethod 526 0x000001771edf9710 code [0x000001771edf9880, 0x000001771edf9918]
Event: 0.402 Thread 0x000001773328cf20  527       3       java.io.InputStream::<init> (5 bytes)
Event: 0.402 Thread 0x000001773328cf20 nmethod 527 0x0000017717954c90 code [0x0000017717954e20, 0x0000017717954f78]
Event: 0.403 Thread 0x000001773328cf20  528       3       jdk.internal.loader.NativeLibraries$NativeLibraryImpl::find (6 bytes)
Event: 0.403 Thread 0x000001773328cf20 nmethod 528 0x0000017717955010 code [0x00000177179551a0, 0x00000177179552c8]

GC Heap History (0 events):
No events

Deoptimization events (20 events):
Event: 0.198 Thread 0x000001770e1f0240 Uncommon trap: trap_request=0xffffff45 fr.pc=0x000001771edde92c relative=0x00000000000000ac
Event: 0.198 Thread 0x000001770e1f0240 Uncommon trap: reason=unstable_if action=reinterpret pc=0x000001771edde92c method=java.lang.String.isLatin1()Z @ 10 c2
Event: 0.198 Thread 0x000001770e1f0240 DEOPT PACKING pc=0x000001771edde92c sp=0x0000002db58ff250
Event: 0.198 Thread 0x000001770e1f0240 DEOPT UNPACKING pc=0x00000177173523a3 sp=0x0000002db58ff190 mode 2
Event: 0.286 Thread 0x000001770e1f0240 DEOPT PACKING pc=0x00000177178caa67 sp=0x0000002db58fbb10
Event: 0.286 Thread 0x000001770e1f0240 DEOPT UNPACKING pc=0x0000017717352b43 sp=0x0000002db58faf30 mode 0
Event: 0.376 Thread 0x000001770e1f0240 DEOPT PACKING pc=0x0000017717946f37 sp=0x0000002db58ff210
Event: 0.376 Thread 0x000001770e1f0240 DEOPT UNPACKING pc=0x0000017717352b43 sp=0x0000002db58fe798 mode 0
Event: 0.379 Thread 0x000001770e1f0240 Uncommon trap: trap_request=0xffffff45 fr.pc=0x000001771edf7b90 relative=0x0000000000000270
Event: 0.379 Thread 0x000001770e1f0240 Uncommon trap: reason=unstable_if action=reinterpret pc=0x000001771edf7b90 method=java.nio.Buffer.hasRemaining()Z @ 8 c2
Event: 0.379 Thread 0x000001770e1f0240 DEOPT PACKING pc=0x000001771edf7b90 sp=0x0000002db58ff2d0
Event: 0.379 Thread 0x000001770e1f0240 DEOPT UNPACKING pc=0x00000177173523a3 sp=0x0000002db58ff238 mode 2
Event: 0.380 Thread 0x000001770e1f0240 Uncommon trap: trap_request=0xffffff45 fr.pc=0x000001771edf72e4 relative=0x0000000000000064
Event: 0.380 Thread 0x000001770e1f0240 Uncommon trap: reason=unstable_if action=reinterpret pc=0x000001771edf72e4 method=java.nio.Buffer.hasRemaining()Z @ 8 c2
Event: 0.380 Thread 0x000001770e1f0240 DEOPT PACKING pc=0x000001771edf72e4 sp=0x0000002db58fe450
Event: 0.380 Thread 0x000001770e1f0240 DEOPT UNPACKING pc=0x00000177173523a3 sp=0x0000002db58fe3e8 mode 2
Event: 0.403 Thread 0x000001770e1f0240 Uncommon trap: trap_request=0xffffff54 fr.pc=0x000001771edf98e0 relative=0x0000000000000060
Event: 0.403 Thread 0x000001770e1f0240 Uncommon trap: reason=speculate_null_assert action=make_not_entrant pc=0x000001771edf98e0 method=sun.misc.Unsafe.putLong(Ljava/lang/Object;JJ)V @ 7 c2
Event: 0.403 Thread 0x000001770e1f0240 DEOPT PACKING pc=0x000001771edf98e0 sp=0x0000002db58ff000
Event: 0.403 Thread 0x000001770e1f0240 DEOPT UNPACKING pc=0x00000177173523a3 sp=0x0000002db58fef78 mode 2

Classes loaded (20 events):
Event: 0.284 Loading class sun/misc/Unsafe
Event: 0.284 Loading class sun/misc/Unsafe done
Event: 0.285 Loading class java/lang/invoke/DirectMethodHandle$StaticAccessor
Event: 0.285 Loading class java/lang/invoke/DirectMethodHandle$StaticAccessor done
Event: 0.287 Loading class java/util/function/LongPredicate
Event: 0.287 Loading class java/util/function/LongPredicate done
Event: 0.289 Loading class jdk/internal/access/foreign/MemorySegmentProxy
Event: 0.289 Loading class jdk/internal/access/foreign/MemorySegmentProxy done
Event: 0.294 Loading class java/nio/InvalidMarkException
Event: 0.294 Loading class java/nio/InvalidMarkException done
Event: 0.295 Loading class java/nio/BufferUnderflowException
Event: 0.295 Loading class java/nio/BufferUnderflowException done
Event: 0.296 Loading class java/lang/IndexOutOfBoundsException
Event: 0.296 Loading class java/lang/IndexOutOfBoundsException done
Event: 0.326 Loading class java/nio/channels/spi/AbstractInterruptibleChannel$1
Event: 0.326 Loading class sun/nio/ch/Interruptible
Event: 0.326 Loading class sun/nio/ch/Interruptible done
Event: 0.326 Loading class java/nio/channels/spi/AbstractInterruptibleChannel$1 done
Event: 0.351 Loading class jdk/internal/misc/ScopedMemoryAccess$Scope
Event: 0.352 Loading class jdk/internal/misc/ScopedMemoryAccess$Scope done

Classes unloaded (0 events):
No events

Classes redefined (0 events):
No events

Internal exceptions (20 events):
Event: 0.266 Thread 0x000001770e1f0240 Exception <a 'sun/nio/fs/WindowsException'{0x00000007132405f8}> (0x00000007132405f8) 
thrown [s\open\src\hotspot\share\prims\jni.cpp, line 516]
Event: 0.275 Thread 0x000001770e1f0240 Exception <a 'sun/nio/fs/WindowsException'{0x0000000713254398}> (0x0000000713254398) 
thrown [s\open\src\hotspot\share\prims\jni.cpp, line 516]
Event: 0.275 Thread 0x000001770e1f0240 Exception <a 'sun/nio/fs/WindowsException'{0x00000007132546f8}> (0x00000007132546f8) 
thrown [s\open\src\hotspot\share\prims\jni.cpp, line 516]
Event: 0.282 Thread 0x000001770e1f0240 Exception <a 'java/lang/NoSuchMethodError'{0x0000000713272d90}: 'java.lang.Object java.lang.invoke.DirectMethodHandle$Holder.invokeStaticInit(java.lang.Object)'> (0x0000000713272d90) 
thrown [s\open\src\hotspot\share\interpreter\linkResolver.cpp, line 759]
Event: 0.288 Thread 0x000001770e1f0240 Exception <a 'java/lang/NoSuchMethodError'{0x00000007132a39e0}: 'int java.lang.invoke.DirectMethodHandle$Holder.invokeStaticInit(java.lang.Object, java.lang.Object, int, long)'> (0x00000007132a39e0) 
thrown [s\open\src\hotspot\share\interpreter\linkResolver.cpp, line 759]
Event: 0.289 Thread 0x000001770e1f0240 Exception <a 'java/lang/NoSuchMethodError'{0x00000007132a92a8}: 'java.lang.Object java.lang.invoke.DirectMethodHandle$Holder.newInvokeSpecial(java.lang.Object, java.lang.Object, int)'> (0x00000007132a92a8) 
thrown [s\open\src\hotspot\share\interpreter\linkResolver.cpp, line 759]
Event: 0.291 Thread 0x000001770e1f0240 Exception <a 'java/lang/NoSuchMethodError'{0x00000007132b7d68}: 'int java.lang.invoke.DirectMethodHandle$Holder.invokeStaticInit(java.lang.Object, java.lang.Object, long, long)'> (0x00000007132b7d68) 
thrown [s\open\src\hotspot\share\interpreter\linkResolver.cpp, line 759]
Event: 0.292 Thread 0x000001770e1f0240 Exception <a 'java/lang/NoSuchMethodError'{0x00000007132bde78}: 'java.lang.Object java.lang.invoke.DirectMethodHandle$Holder.newInvokeSpecial(java.lang.Object, java.lang.Object, long)'> (0x00000007132bde78) 
thrown [s\open\src\hotspot\share\interpreter\linkResolver.cpp, line 759]
Event: 0.292 Thread 0x000001770e1f0240 Exception <a 'java/lang/NoSuchMethodError'{0x00000007132c1ed0}: 'java.lang.Object java.lang.invoke.Invokers$Holder.linkToTargetMethod(java.lang.Object, long, java.lang.Object)'> (0x00000007132c1ed0) 
thrown [s\open\src\hotspot\share\interpreter\linkResolver.cpp, line 759]
Event: 0.293 Thread 0x000001770e1f0240 Exception <a 'java/lang/NoSuchMethodError'{0x00000007132c9478}: 'int java.lang.invoke.DirectMethodHandle$Holder.invokeStaticInit(java.lang.Object, java.lang.Object, java.lang.Object, long)'> (0x00000007132c9478) 
thrown [s\open\src\hotspot\share\interpreter\linkResolver.cpp, line 759]
Event: 0.329 Thread 0x000001770e1f0240 Exception <a 'java/lang/NoSuchMethodError'{0x0000000713353d90}: 'void java.lang.System.load(java.lang.String, java.lang.Class)'> (0x0000000713353d90) 
thrown [s\open\src\hotspot\share\interpreter\linkResolver.cpp, line 759]
Event: 0.330 Thread 0x000001770e1f0240 Exception <a 'java/lang/NoSuchMethodError'{0x0000000713356c28}: 'void java.lang.System.loadLibrary(java.lang.String, java.lang.Class)'> (0x0000000713356c28) 
thrown [s\open\src\hotspot\share\interpreter\linkResolver.cpp, line 759]
Event: 0.337 Thread 0x000001770e1f0240 Exception <a 'sun/nio/fs/WindowsException'{0x00000007133669e0}> (0x00000007133669e0) 
thrown [s\open\src\hotspot\share\prims\jni.cpp, line 516]
Event: 0.337 Thread 0x000001770e1f0240 Exception <a 'sun/nio/fs/WindowsException'{0x0000000713366d60}> (0x0000000713366d60) 
thrown [s\open\src\hotspot\share\prims\jni.cpp, line 516]
Event: 0.388 Thread 0x000001770e1f0240 Exception <a 'java/lang/NoSuchMethodError'{0x00000007133fd208}: 'void java.lang.System.load(java.lang.String, java.lang.Class)'> (0x00000007133fd208) 
thrown [s\open\src\hotspot\share\interpreter\linkResolver.cpp, line 759]
Event: 0.389 Thread 0x000001770e1f0240 Exception <a 'java/lang/NoSuchMethodError'{0x000000071301ca28}: 'void java.lang.System.loadLibrary(java.lang.String, java.lang.Class)'> (0x000000071301ca28) 
thrown [s\open\src\hotspot\share\interpreter\linkResolver.cpp, line 759]
Event: 0.394 Thread 0x000001770e1f0240 Exception <a 'sun/nio/fs/WindowsException'{0x000000071302cae8}> (0x000000071302cae8) 
thrown [s\open\src\hotspot\share\prims\jni.cpp, line 516]
Event: 0.394 Thread 0x000001770e1f0240 Exception <a 'sun/nio/fs/WindowsException'{0x000000071302ce90}> (0x000000071302ce90) 
thrown [s\open\src\hotspot\share\prims\jni.cpp, line 516]
Event: 0.397 Thread 0x000001770e1f0240 Exception <a 'sun/nio/fs/WindowsException'{0x00000007130328d0}> (0x00000007130328d0) 
thrown [s\open\src\hotspot\share\prims\jni.cpp, line 516]
Event: 0.397 Thread 0x000001770e1f0240 Exception <a 'sun/nio/fs/WindowsException'{0x0000000713032bb0}> (0x0000000713032bb0) 
thrown [s\open\src\hotspot\share\prims\jni.cpp, line 516]

VM Operations (4 events):
Event: 0.146 Executing VM operation: HandshakeAllThreads
Event: 0.146 Executing VM operation: HandshakeAllThreads done
Event: 0.200 Executing VM operation: HandshakeAllThreads
Event: 0.200 Executing VM operation: HandshakeAllThreads done

Events (20 events):
Event: 0.089 Thread 0x0000017733255d00 Thread added: 0x0000017733255d00
Event: 0.089 Thread 0x00000177332576b0 Thread added: 0x00000177332576b0
Event: 0.090 Thread 0x0000017733258190 Thread added: 0x0000017733258190
Event: 0.090 Thread 0x0000017733260b40 Thread added: 0x0000017733260b40
Event: 0.090 Thread 0x000001773328b530 Thread added: 0x000001773328b530
Event: 0.091 Thread 0x000001773328cf20 Thread added: 0x000001773328cf20
Event: 0.091 Thread 0x00000177332980e0 Thread added: 0x00000177332980e0
Event: 0.138 Thread 0x00000177374b2e40 Thread added: 0x00000177374b2e40
Event: 0.160 Loaded shared library C:\Users\andre\.jdks\openjdk-18.0.2\bin\zip.dll
Event: 0.162 Loaded shared library C:\Users\andre\.jdks\openjdk-18.0.2\bin\instrument.dll
Event: 0.169 Loaded shared library C:\Users\andre\.jdks\openjdk-18.0.2\bin\net.dll
Event: 0.171 Loaded shared library C:\Users\andre\.jdks\openjdk-18.0.2\bin\nio.dll
Event: 0.175 Loaded shared library C:\Users\andre\.jdks\openjdk-18.0.2\bin\zip.dll
Event: 0.197 Loaded shared library C:\Program Files\JetBrains\IntelliJ IDEA Community Edition 2022.2\bin\breakgen64.dll
Event: 0.198 Thread 0x00000177376411e0 Thread added: 0x00000177376411e0
Event: 0.198 Thread 0x00000177376416a0 Thread added: 0x00000177376416a0
Event: 0.246 Loaded shared library C:\Users\andre\.jdks\openjdk-18.0.2\bin\jimage.dll
Event: 0.268 Loaded shared library C:\Users\andre\AppData\Local\Temp\lwjglandre\3.3.1-build-7\lwjgl.dll
Event: 0.339 Loaded shared library C:\Users\andre\AppData\Local\Temp\lwjglandre\3.3.1-build-7\lwjgl_stb.dll
Event: 0.395 Loaded shared library C:\Users\andre\AppData\Local\Temp\lwjglandre\3.3.1-build-7\lwjgl_opengl.dll


Dynamic libraries:
0x00007ff667fa0000 - 0x00007ff667fae000 	C:\Users\andre\.jdks\openjdk-18.0.2\bin\java.exe
0x00007ffd3ac10000 - 0x00007ffd3ae08000 	C:\Windows\SYSTEM32\ntdll.dll
0x00007ffd39480000 - 0x00007ffd3953d000 	C:\Windows\System32\KERNEL32.DLL
0x00007ffd38500000 - 0x00007ffd387ce000 	C:\Windows\System32\KERNELBASE.dll
0x00007ffd38b70000 - 0x00007ffd38c70000 	C:\Windows\System32\ucrtbase.dll
0x00007ffd1d8b0000 - 0x00007ffd1d8c7000 	C:\Users\andre\.jdks\openjdk-18.0.2\bin\jli.dll
0x00007ffd1ffc0000 - 0x00007ffd1ffda000 	C:\Users\andre\.jdks\openjdk-18.0.2\bin\VCRUNTIME140.dll
0x00007ffd39850000 - 0x00007ffd399f0000 	C:\Windows\System32\USER32.dll
0x00007ffd38b40000 - 0x00007ffd38b62000 	C:\Windows\System32\win32u.dll
0x00007ffd39640000 - 0x00007ffd3966a000 	C:\Windows\System32\GDI32.dll
0x00007ffd1c3e0000 - 0x00007ffd1c67a000 	C:\Windows\WinSxS\amd64_microsoft.windows.common-controls_6595b64144ccf1df_6.0.19041.1110_none_60b5254171f9507e\COMCTL32.dll
0x00007ffd38820000 - 0x00007ffd3892b000 	C:\Windows\System32\gdi32full.dll
0x00007ffd38cd0000 - 0x00007ffd38d6e000 	C:\Windows\System32\msvcrt.dll
0x00007ffd38330000 - 0x00007ffd383cd000 	C:\Windows\System32\msvcp_win.dll
0x00007ffd39600000 - 0x00007ffd39630000 	C:\Windows\System32\IMM32.DLL
0x00007ffd30bc0000 - 0x00007ffd30bcc000 	C:\Users\andre\.jdks\openjdk-18.0.2\bin\vcruntime140_1.dll
0x00007ffd10ce0000 - 0x00007ffd10d6d000 	C:\Users\andre\.jdks\openjdk-18.0.2\bin\msvcp140.dll
0x00007ffcb8b30000 - 0x00007ffcb9741000 	C:\Users\andre\.jdks\openjdk-18.0.2\bin\server\jvm.dll
0x00007ffd39e30000 - 0x00007ffd39ede000 	C:\Windows\System32\ADVAPI32.dll
0x00007ffd38ff0000 - 0x00007ffd3908c000 	C:\Windows\System32\sechost.dll
0x00007ffd3aaa0000 - 0x00007ffd3abc5000 	C:\Windows\System32\RPCRT4.dll
0x00007ffd39090000 - 0x00007ffd39098000 	C:\Windows\System32\PSAPI.DLL
0x00007ffd32140000 - 0x00007ffd32167000 	C:\Windows\SYSTEM32\WINMM.dll
0x00007ffd309d0000 - 0x00007ffd309da000 	C:\Windows\SYSTEM32\VERSION.dll
0x00007ffcd91a0000 - 0x00007ffcd91a9000 	C:\Windows\SYSTEM32\WSOCK32.dll
0x00007ffd397d0000 - 0x00007ffd3983b000 	C:\Windows\System32\WS2_32.dll
0x00007ffd36200000 - 0x00007ffd36212000 	C:\Windows\SYSTEM32\kernel.appcore.dll
0x00007ffd1f6c0000 - 0x00007ffd1f6ca000 	C:\Users\andre\.jdks\openjdk-18.0.2\bin\jimage.dll
0x00007ffd31ee0000 - 0x00007ffd320c4000 	C:\Windows\SYSTEM32\DBGHELP.DLL
0x00007ffd31e80000 - 0x00007ffd31eac000 	C:\Windows\SYSTEM32\dbgcore.DLL
0x00007ffd383d0000 - 0x00007ffd38452000 	C:\Windows\System32\bcryptPrimitives.dll
0x00007ffd319e0000 - 0x00007ffd319ee000 	C:\Users\andre\.jdks\openjdk-18.0.2\bin\instrument.dll
0x00007ffd1aaa0000 - 0x00007ffd1aac5000 	C:\Users\andre\.jdks\openjdk-18.0.2\bin\java.dll
0x00007ffccd9c0000 - 0x00007ffccda96000 	C:\Users\andre\.jdks\openjdk-18.0.2\bin\jsvml.dll
0x00007ffd3a350000 - 0x00007ffd3aa93000 	C:\Windows\System32\SHELL32.dll
0x00007ffd36420000 - 0x00007ffd36bb5000 	C:\Windows\SYSTEM32\windows.storage.dll
0x00007ffd39100000 - 0x00007ffd39454000 	C:\Windows\System32\combase.dll
0x00007ffd37d90000 - 0x00007ffd37dc0000 	C:\Windows\SYSTEM32\Wldp.dll
0x00007ffd39720000 - 0x00007ffd397cd000 	C:\Windows\System32\SHCORE.dll
0x00007ffd395a0000 - 0x00007ffd395f5000 	C:\Windows\System32\shlwapi.dll
0x00007ffd38270000 - 0x00007ffd3828f000 	C:\Windows\SYSTEM32\profapi.dll
0x00007ffd18c20000 - 0x00007ffd18c38000 	C:\Users\andre\.jdks\openjdk-18.0.2\bin\zip.dll
0x00007ffd1d890000 - 0x00007ffd1d8a3000 	C:\Users\andre\.jdks\openjdk-18.0.2\bin\net.dll
0x00007ffd33000000 - 0x00007ffd3310a000 	C:\Windows\SYSTEM32\WINHTTP.dll
0x00007ffd37af0000 - 0x00007ffd37b5a000 	C:\Windows\system32\mswsock.dll
0x00007ffd18cf0000 - 0x00007ffd18d06000 	C:\Users\andre\.jdks\openjdk-18.0.2\bin\nio.dll
0x00007ffd319c0000 - 0x00007ffd319da000 	C:\Program Files\JetBrains\IntelliJ IDEA Community Edition 2022.2\bin\breakgen64.dll
0x00007ffd1f760000 - 0x00007ffd1f7d5000 	C:\Users\andre\AppData\Local\Temp\lwjglandre\3.3.1-build-7\lwjgl.dll
0x00007ffd06380000 - 0x00007ffd063e1000 	C:\Users\andre\AppData\Local\Temp\lwjglandre\3.3.1-build-7\glfw.dll
0x00007ffd06b30000 - 0x00007ffd06b75000 	C:\Windows\SYSTEM32\dinput8.dll
0x00007ffcd1a90000 - 0x00007ffcd1aa1000 	C:\Windows\SYSTEM32\xinput1_4.dll
0x00007ffd387d0000 - 0x00007ffd3881e000 	C:\Windows\System32\cfgmgr32.dll
0x00007ffd380e0000 - 0x00007ffd3810c000 	C:\Windows\SYSTEM32\DEVOBJ.dll
0x00007ffd35f10000 - 0x00007ffd35f3f000 	C:\Windows\SYSTEM32\dwmapi.dll
0x00007ffd02080000 - 0x00007ffd021d2000 	C:\Windows\SYSTEM32\inputhost.dll
0x00007ffd38d70000 - 0x00007ffd38e3d000 	C:\Windows\System32\OLEAUT32.dll
0x00007ffd35950000 - 0x00007ffd35a42000 	C:\Windows\SYSTEM32\CoreMessaging.dll
0x00007ffd34ef0000 - 0x00007ffd35044000 	C:\Windows\SYSTEM32\wintypes.dll
0x00007ffd33a10000 - 0x00007ffd33b06000 	C:\Windows\SYSTEM32\PROPSYS.dll
0x00007ffd355f0000 - 0x00007ffd3594e000 	C:\Windows\SYSTEM32\CoreUIComponents.dll
0x00007ffd37150000 - 0x00007ffd37183000 	C:\Windows\SYSTEM32\ntmarta.dll
0x00007ffd35d20000 - 0x00007ffd35dbe000 	C:\Windows\system32\uxtheme.dll
0x00007ffd39d10000 - 0x00007ffd39e25000 	C:\Windows\System32\MSCTF.dll
0x00007ffcf7940000 - 0x00007ffcf79c1000 	C:\Users\andre\AppData\Local\Temp\lwjglandre\3.3.1-build-7\lwjgl_stb.dll
0x00007ffd03640000 - 0x00007ffd0369d000 	C:\Users\andre\AppData\Local\Temp\lwjglandre\3.3.1-build-7\lwjgl_opengl.dll
0x00007ffcfdb60000 - 0x00007ffcfdc87000 	C:\Windows\SYSTEM32\opengl32.dll
0x00007ffcfff20000 - 0x00007ffcfff4c000 	C:\Windows\SYSTEM32\GLU32.dll

dbghelp: loaded successfully - version: 4.0.5 - missing functions: none
symbol engine: initialized successfully - sym options: 0x614 - pdb path: .;C:\Users\andre\.jdks\openjdk-18.0.2\bin;C:\Windows\SYSTEM32;C:\Windows\WinSxS\amd64_microsoft.windows.common-controls_6595b64144ccf1df_6.0.19041.1110_none_60b5254171f9507e;C:\Users\andre\.jdks\openjdk-18.0.2\bin\server;C:\Program Files\JetBrains\IntelliJ IDEA Community Edition 2022.2\bin;C:\Users\andre\AppData\Local\Temp\lwjglandre\3.3.1-build-7

VM Arguments:
jvm_args: -javaagent:C:\Program Files\JetBrains\IntelliJ IDEA Community Edition 2022.2\lib\idea_rt.jar=54041:C:\Program Files\JetBrains\IntelliJ IDEA Community Edition 2022.2\bin -Dfile.encoding=UTF-8 
java_command: ShadowDimension
java_class_path (initial): C:\Users\andre\Desktop\University\Semester 2 2022\Object Oriented Software Development\Git\Project 2\akwalton-project-2\target\classes;C:\Users\andre\.m2\repository\org\lwjgl\lwjgl\3.3.1\lwjgl-3.3.1.jar;C:\Users\andre\.m2\repository\org\lwjgl\lwjgl-assimp\3.3.1\lwjgl-assimp-3.3.1.jar;C:\Users\andre\.m2\repository\org\lwjgl\lwjgl-glfw\3.3.1\lwjgl-glfw-3.3.1.jar;C:\Users\andre\.m2\repository\org\lwjgl\lwjgl-openal\3.3.1\lwjgl-openal-3.3.1.jar;C:\Users\andre\.m2\repository\org\lwjgl\lwjgl-opengl\3.3.1\lwjgl-opengl-3.3.1.jar;C:\Users\andre\.m2\repository\org\lwjgl\lwjgl-stb\3.3.1\lwjgl-stb-3.3.1.jar;C:\Users\andre\.m2\repository\org\lwjgl\lwjgl\3.3.1\lwjgl-3.3.1-natives-windows.jar;C:\Users\andre\.m2\repository\org\lwjgl\lwjgl-assimp\3.3.1\lwjgl-assimp-3.3.1-natives-windows.jar;C:\Users\andre\.m2\repository\org\lwjgl\lwjgl-glfw\3.3.1\lwjgl-glfw-3.3.1-natives-windows.jar;C:\Users\andre\.m2\repository\org\lwjgl\lwjgl-openal\3.3.1\lwjgl-openal-3.3.1-natives-windows.jar;C:\Users\andre\.m2\repository\org\lwjgl\lwjgl-opengl\3.3.1\lwjgl-opengl-3.3.1-natives-windows.jar;C:\Users\andre\.m2\repository\org\lwjgl\lwjgl-stb\3.3.1\lwjgl-stb-3.3.1-natives-windows.jar;C:\Users\andre\.m2\repository\io\github\eleanor-em\bagel\1.9.3\bagel-1.9.3.jar
Launcher Type: SUN_STANDARD

[Global flags]
     intx CICompilerCount                          = 4                                         {product} {ergonomic}
     uint ConcGCThreads                            = 3                                         {product} {ergonomic}
     uint G1ConcRefinementThreads                  = 10                                        {product} {ergonomic}
   size_t G1HeapRegionSize                         = 2097152                                   {product} {ergonomic}
    uintx GCDrainStackTargetSize                   = 64                                        {product} {ergonomic}
   size_t InitialHeapSize                          = 266338304                                 {product} {ergonomic}
   size_t MarkStackSize                            = 4194304                                   {product} {ergonomic}
   size_t MaxHeapSize                              = 4234149888                                {product} {ergonomic}
   size_t MaxNewSize                               = 2539651072                                {product} {ergonomic}
   size_t MinHeapDeltaBytes                        = 2097152                                   {product} {ergonomic}
   size_t MinHeapSize                              = 8388608                                   {product} {ergonomic}
    uintx NonNMethodCodeHeapSize                   = 5839372                                {pd product} {ergonomic}
    uintx NonProfiledCodeHeapSize                  = 122909434                              {pd product} {ergonomic}
    uintx ProfiledCodeHeapSize                     = 122909434                              {pd product} {ergonomic}
    uintx ReservedCodeCacheSize                    = 251658240                              {pd product} {ergonomic}
     bool SegmentedCodeCache                       = true                                      {product} {ergonomic}
   size_t SoftMaxHeapSize                          = 4234149888                             {manageable} {ergonomic}
     bool UseCompressedClassPointers               = true                           {product lp64_product} {ergonomic}
     bool UseCompressedOops                        = true                           {product lp64_product} {ergonomic}
     bool UseG1GC                                  = true                                      {product} {ergonomic}
     bool UseLargePagesIndividualAllocation        = false                                  {pd product} {ergonomic}

Logging:
Log output configuration:
 #0: stdout all=warning uptime,level,tags foldmultilines=false
 #1: stderr all=off uptime,level,tags foldmultilines=false

Environment Variables:
PATH=C:\Users\andre\Desktop\University\Python\Scripts\;C:\Users\andre\Desktop\University\Python\;C:\Program Files\Microsoft\jdk-11.0.12.7-hotspot\bin;C:\Program Files\Python37\Scripts\;C:\Program Files\Python37\;C:\Program Files\Common Files\Oracle\Java\javapath;C:\Windows\system32;C:\Windows;C:\Windows\System32\Wbem;C:\Windows\System32\WindowsPowerShell\v1.0\;C:\Windows\System32\OpenSSH\;C:\Program Files (x86)\NVIDIA Corporation\PhysX\Common;C:\Program Files\NVIDIA Corporation\NVIDIA NvDLISR;C:\Users\andre\OneDrive\Desktop\runtime\win64;C:\Users\andre\OneDrive\Desktop\bin;C:\Program Files\MATLAB\R2021b\bin;C:\Program Files\dotnet\;C:\Program Files\Microsoft SQL Server\150\Tools\Binn\;C:\Program Files\Microsoft SQL Server\Client SDK\ODBC\170\Tools\Binn\;C:\Program Files\Git\cmd;C:\Program Files\PowerShell\7\;C:\Users\andre\AppData\Local\Microsoft\WindowsApps;C:\MinGW\bin;C:\Users\andre\.dotnet\tools;C:\Users\andre\AppData\Local\Programs\Microsoft VS Code\bin
USERNAME=andre
OS=Windows_NT
PROCESSOR_IDENTIFIER=Intel64 Family 6 Model 165 Stepping 2, GenuineIntel



---------------  S Y S T E M  ---------------

OS:
 Windows 10 , 64 bit Build 19041 (10.0.19041.1889)
OS uptime: 9 days 0:38 hours

CPU: total 12 (initial active 12) (6 cores per cpu, 2 threads per core) family 6 model 165 stepping 2 microcode 0xf0, cx8, cmov, fxsr, ht, mmx, 3dnowpref, sse, sse2, sse3, ssse3, sse4.1, sse4.2, popcnt, lzcnt, tsc, tscinvbit, avx, avx2, aes, erms, clmul, bmi1, bmi2, adx, fma, vzeroupper, clflush, clflushopt

Memory: 4k page, system-wide physical 16145M (3306M free)
TotalPageFile size 23313M (AvailPageFile size 3245M)
current process WorkingSet (physical memory assigned to process): 53M, peak: 53M
current process commit charge ("private bytes"): 357M, peak: 357M

vm_info: OpenJDK 64-Bit Server VM (18.0.2+9-61) for windows-amd64 JRE (18.0.2+9-61), built on Jun  7 2022 13:05:59 by "mach5one" with MS VC++ 16.8 / 16.9 (VS2019)

END.
